mode: set
internshipPVZ/cmd/config/config.go:9.32,29.2 1 0
internshipPVZ/cmd/config/config.go:58.42,60.2 1 0
internshipPVZ/cmd/config/config.go:62.43,64.2 1 0
internshipPVZ/cmd/config/config.go:66.39,68.2 1 0
internshipPVZ/cmd/config/config.go:70.41,72.2 1 0
internshipPVZ/cmd/config/config.go:74.43,76.2 1 0
internshipPVZ/cmd/config/config.go:78.49,80.2 1 0
internshipPVZ/cmd/config/config.go:82.39,84.2 1 0
internshipPVZ/cmd/config/config.go:86.43,88.2 1 0
internshipPVZ/cmd/config/config.go:90.41,92.2 1 0
internshipPVZ/cmd/config/config.go:94.53,96.2 1 0
internshipPVZ/cmd/config/config.go:98.49,100.2 1 0
internshipPVZ/cmd/config/config.go:102.47,104.2 1 0
internshipPVZ/cmd/config/config.go:106.44,108.2 1 0
internshipPVZ/cmd/main.go:5.13,8.2 2 0
internshipPVZ/internal/domain/service/hash_service.go:9.35,11.2 1 0
internshipPVZ/internal/domain/service/hash_service.go:13.69,15.16 2 0
internshipPVZ/internal/domain/service/hash_service.go:15.16,17.3 1 0
internshipPVZ/internal/domain/service/hash_service.go:18.2,18.36 1 0
internshipPVZ/internal/domain/service/hash_service.go:21.74,24.2 2 0
internshipPVZ/internal/domain/service/jwt_service.go:22.52,24.21 2 0
internshipPVZ/internal/domain/service/jwt_service.go:24.21,26.3 1 0
internshipPVZ/internal/domain/service/jwt_service.go:28.2,29.19 2 0
internshipPVZ/internal/domain/service/jwt_service.go:31.64,40.2 3 0
internshipPVZ/internal/domain/service/jwt_service.go:42.75,43.103 1 0
internshipPVZ/internal/domain/service/jwt_service.go:43.103,45.3 1 0
internshipPVZ/internal/domain/service/jwt_service.go:48.67,50.16 2 0
internshipPVZ/internal/domain/service/jwt_service.go:50.16,52.3 1 0
internshipPVZ/internal/domain/service/jwt_service.go:54.2,54.67 1 0
internshipPVZ/internal/domain/service/jwt_service.go:54.67,56.3 1 0
internshipPVZ/internal/domain/service/jwt_service.go:58.2,58.16 1 0
internshipPVZ/internal/domain/service/logger_service.go:12.50,15.30 2 0
internshipPVZ/internal/domain/service/logger_service.go:16.15,21.4 1 0
internshipPVZ/internal/domain/service/logger_service.go:22.13,27.4 1 0
internshipPVZ/internal/domain/service/logger_service.go:28.14,33.4 1 0
internshipPVZ/internal/domain/service/logger_service.go:34.10,39.4 1 0
internshipPVZ/internal/domain/service/logger_service.go:42.2,42.12 1 0
internshipPVZ/internal/domain/service/logger_service.go:45.53,47.2 1 0
internshipPVZ/internal/domain/service/logger_service.go:54.53,56.2 1 0
internshipPVZ/internal/domain/service/logger_service.go:58.52,60.2 1 0
internshipPVZ/internal/domain/service/logger_service.go:62.52,64.2 1 0
internshipPVZ/internal/domain/service/logger_service.go:66.53,68.2 1 0
internshipPVZ/internal/domain/service/time_service.go:9.35,11.2 1 0
internshipPVZ/internal/domain/service/time_service.go:13.42,15.2 1 0
internshipPVZ/internal/http/handlers/auth_controller.go:28.80,29.24 1 0
internshipPVZ/internal/http/handlers/auth_controller.go:29.24,31.3 1 0
internshipPVZ/internal/http/handlers/auth_controller.go:32.2,32.19 1 0
internshipPVZ/internal/http/handlers/auth_controller.go:32.19,34.3 1 0
internshipPVZ/internal/http/handlers/auth_controller.go:35.2,35.66 1 0
internshipPVZ/internal/http/handlers/auth_controller.go:39.59,40.16 1 0
internshipPVZ/internal/http/handlers/auth_controller.go:40.16,46.3 2 0
internshipPVZ/internal/http/handlers/auth_controller.go:47.2,48.45 2 0
internshipPVZ/internal/http/handlers/auth_controller.go:48.45,50.3 1 0
internshipPVZ/internal/http/handlers/auth_controller.go:51.2,54.16 4 0
internshipPVZ/internal/http/handlers/auth_controller.go:54.16,56.3 1 0
internshipPVZ/internal/http/handlers/auth_controller.go:58.2,58.24 1 0
internshipPVZ/internal/http/handlers/auth_controller.go:62.57,63.16 1 0
internshipPVZ/internal/http/handlers/auth_controller.go:63.16,69.3 2 0
internshipPVZ/internal/http/handlers/auth_controller.go:70.2,71.45 2 0
internshipPVZ/internal/http/handlers/auth_controller.go:71.45,73.3 1 0
internshipPVZ/internal/http/handlers/auth_controller.go:74.2,78.16 4 0
internshipPVZ/internal/http/handlers/auth_controller.go:78.16,80.3 1 0
internshipPVZ/internal/http/handlers/auth_controller.go:82.2,82.51 1 0
internshipPVZ/internal/http/handlers/auth_controller.go:86.54,87.16 1 0
internshipPVZ/internal/http/handlers/auth_controller.go:87.16,93.3 2 0
internshipPVZ/internal/http/handlers/auth_controller.go:94.2,95.45 2 0
internshipPVZ/internal/http/handlers/auth_controller.go:95.45,97.3 1 0
internshipPVZ/internal/http/handlers/auth_controller.go:98.2,102.16 4 0
internshipPVZ/internal/http/handlers/auth_controller.go:102.16,104.3 1 0
internshipPVZ/internal/http/handlers/auth_controller.go:106.2,106.24 1 0
internshipPVZ/internal/http/handlers/product_controller.go:20.98,21.30 1 0
internshipPVZ/internal/http/handlers/product_controller.go:21.30,23.3 1 0
internshipPVZ/internal/http/handlers/product_controller.go:25.2,25.19 1 0
internshipPVZ/internal/http/handlers/product_controller.go:25.19,27.3 1 0
internshipPVZ/internal/http/handlers/product_controller.go:28.2,28.81 1 0
internshipPVZ/internal/http/handlers/product_controller.go:31.65,32.16 1 0
internshipPVZ/internal/http/handlers/product_controller.go:32.16,38.3 2 0
internshipPVZ/internal/http/handlers/product_controller.go:39.2,41.45 3 0
internshipPVZ/internal/http/handlers/product_controller.go:41.45,43.3 1 0
internshipPVZ/internal/http/handlers/product_controller.go:44.2,48.16 4 0
internshipPVZ/internal/http/handlers/product_controller.go:48.16,49.43 1 0
internshipPVZ/internal/http/handlers/product_controller.go:49.43,51.4 1 0
internshipPVZ/internal/http/handlers/product_controller.go:52.3,52.89 1 0
internshipPVZ/internal/http/handlers/product_controller.go:55.2,55.54 1 0
internshipPVZ/internal/http/handlers/pvz_controller.go:42.18,43.33 1 0
internshipPVZ/internal/http/handlers/pvz_controller.go:43.33,45.3 1 0
internshipPVZ/internal/http/handlers/pvz_controller.go:46.2,46.29 1 0
internshipPVZ/internal/http/handlers/pvz_controller.go:46.29,48.3 1 0
internshipPVZ/internal/http/handlers/pvz_controller.go:49.2,49.34 1 0
internshipPVZ/internal/http/handlers/pvz_controller.go:49.34,51.3 1 0
internshipPVZ/internal/http/handlers/pvz_controller.go:52.2,52.26 1 0
internshipPVZ/internal/http/handlers/pvz_controller.go:52.26,54.3 1 0
internshipPVZ/internal/http/handlers/pvz_controller.go:55.2,55.19 1 0
internshipPVZ/internal/http/handlers/pvz_controller.go:55.19,57.3 1 0
internshipPVZ/internal/http/handlers/pvz_controller.go:58.2,62.33 1 0
internshipPVZ/internal/http/handlers/pvz_controller.go:65.57,66.16 1 0
internshipPVZ/internal/http/handlers/pvz_controller.go:66.16,72.3 2 0
internshipPVZ/internal/http/handlers/pvz_controller.go:73.2,76.45 3 0
internshipPVZ/internal/http/handlers/pvz_controller.go:76.45,78.3 1 0
internshipPVZ/internal/http/handlers/pvz_controller.go:79.2,83.16 4 0
internshipPVZ/internal/http/handlers/pvz_controller.go:83.16,84.43 1 0
internshipPVZ/internal/http/handlers/pvz_controller.go:84.43,86.4 1 0
internshipPVZ/internal/http/handlers/pvz_controller.go:87.3,87.89 1 0
internshipPVZ/internal/http/handlers/pvz_controller.go:90.2,90.50 1 0
internshipPVZ/internal/http/handlers/pvz_controller.go:93.55,94.16 1 0
internshipPVZ/internal/http/handlers/pvz_controller.go:94.16,100.3 2 0
internshipPVZ/internal/http/handlers/pvz_controller.go:101.2,113.23 9 0
internshipPVZ/internal/http/handlers/pvz_controller.go:116.66,117.16 1 0
internshipPVZ/internal/http/handlers/pvz_controller.go:117.16,123.3 2 0
internshipPVZ/internal/http/handlers/pvz_controller.go:124.2,127.16 3 0
internshipPVZ/internal/http/handlers/pvz_controller.go:127.16,129.3 1 0
internshipPVZ/internal/http/handlers/pvz_controller.go:131.2,135.16 4 0
internshipPVZ/internal/http/handlers/pvz_controller.go:135.16,136.43 1 0
internshipPVZ/internal/http/handlers/pvz_controller.go:136.43,138.4 1 0
internshipPVZ/internal/http/handlers/pvz_controller.go:139.3,139.89 1 0
internshipPVZ/internal/http/handlers/pvz_controller.go:142.2,142.28 1 0
internshipPVZ/internal/http/handlers/pvz_controller.go:145.65,146.16 1 0
internshipPVZ/internal/http/handlers/pvz_controller.go:146.16,152.3 2 0
internshipPVZ/internal/http/handlers/pvz_controller.go:153.2,156.16 3 0
internshipPVZ/internal/http/handlers/pvz_controller.go:156.16,158.3 1 0
internshipPVZ/internal/http/handlers/pvz_controller.go:160.2,164.16 4 0
internshipPVZ/internal/http/handlers/pvz_controller.go:164.16,165.43 1 0
internshipPVZ/internal/http/handlers/pvz_controller.go:165.43,167.4 1 0
internshipPVZ/internal/http/handlers/pvz_controller.go:168.3,168.89 1 0
internshipPVZ/internal/http/handlers/pvz_controller.go:171.2,171.39 1 0
internshipPVZ/internal/http/handlers/reception_controller.go:21.108,22.33 1 0
internshipPVZ/internal/http/handlers/reception_controller.go:22.33,24.3 1 0
internshipPVZ/internal/http/handlers/reception_controller.go:25.2,25.19 1 0
internshipPVZ/internal/http/handlers/reception_controller.go:25.19,27.3 1 0
internshipPVZ/internal/http/handlers/reception_controller.go:28.2,28.89 1 0
internshipPVZ/internal/http/handlers/reception_controller.go:31.69,32.16 1 0
internshipPVZ/internal/http/handlers/reception_controller.go:32.16,38.3 2 0
internshipPVZ/internal/http/handlers/reception_controller.go:39.2,42.45 3 0
internshipPVZ/internal/http/handlers/reception_controller.go:42.45,44.3 1 0
internshipPVZ/internal/http/handlers/reception_controller.go:46.2,50.16 4 0
internshipPVZ/internal/http/handlers/reception_controller.go:50.16,51.43 1 0
internshipPVZ/internal/http/handlers/reception_controller.go:51.43,53.4 1 0
internshipPVZ/internal/http/handlers/reception_controller.go:54.3,54.89 1 0
internshipPVZ/internal/http/handlers/reception_controller.go:57.2,57.56 1 0
internshipPVZ/internal/http/handlers/shared_private.go:20.52,23.2 2 0
internshipPVZ/cmd/di_container/di_app_container.go:25.31,34.2 1 0
internshipPVZ/cmd/di_container/di_app_container.go:66.31,91.2 1 0
internshipPVZ/cmd/di_container/di_app_container.go:93.25,157.2 1 0
internshipPVZ/cmd/di_container/di_app_container.go:159.40,160.16 1 0
internshipPVZ/cmd/di_container/di_app_container.go:160.16,162.3 1 0
internshipPVZ/cmd/di_container/di_app_container.go:163.2,164.16 2 0
internshipPVZ/cmd/di_container/di_app_container.go:164.16,166.3 1 0
internshipPVZ/cmd/di_container/di_app_container.go:167.2,169.50 2 0
internshipPVZ/cmd/di_container/di_app_container.go:169.50,171.3 1 0
internshipPVZ/cmd/di_container/di_app_container.go:175.80,176.23 1 0
internshipPVZ/cmd/di_container/di_app_container.go:176.23,178.3 1 0
internshipPVZ/cmd/di_container/di_app_container.go:179.2,179.16 1 0
internshipPVZ/cmd/di_container/di_app_container.go:179.16,181.3 1 0
internshipPVZ/cmd/di_container/di_app_container.go:182.2,183.44 1 0
internshipPVZ/cmd/di_container/di_app_container.go:183.44,185.14 2 0
internshipPVZ/cmd/di_container/di_app_container.go:185.14,186.55 1 0
internshipPVZ/cmd/di_container/di_app_container.go:186.55,188.6 1 0
internshipPVZ/cmd/di_container/di_app_container.go:190.4,190.14 1 0
internshipPVZ/cmd/di_container/di_app_container.go:192.43,194.18 2 0
internshipPVZ/cmd/di_container/di_app_container.go:194.18,196.5 1 0
internshipPVZ/cmd/di_container/di_app_container.go:197.4,198.18 2 0
internshipPVZ/cmd/di_container/di_app_container.go:198.18,200.5 1 0
internshipPVZ/cmd/di_container/di_app_container.go:201.4,201.40 1 0
internshipPVZ/cmd/di_container/di_app_container.go:206.80,207.16 1 0
internshipPVZ/cmd/di_container/di_app_container.go:207.16,209.3 1 0
internshipPVZ/cmd/di_container/di_app_container.go:210.2,210.23 1 0
internshipPVZ/cmd/di_container/di_app_container.go:210.23,212.3 1 0
internshipPVZ/cmd/di_container/di_app_container.go:213.2,214.44 1 0
internshipPVZ/cmd/di_container/di_app_container.go:214.44,215.14 1 0
internshipPVZ/cmd/di_container/di_app_container.go:215.14,218.51 3 0
internshipPVZ/cmd/di_container/di_app_container.go:218.51,220.6 1 0
internshipPVZ/cmd/di_container/di_app_container.go:222.4,222.14 1 0
internshipPVZ/cmd/di_container/di_app_container.go:224.43,226.4 1 0
internshipPVZ/cmd/di_container/di_app_container.go:230.92,231.26 1 0
internshipPVZ/cmd/di_container/di_app_container.go:231.26,233.3 1 0
internshipPVZ/cmd/di_container/di_app_container.go:234.2,234.16 1 0
internshipPVZ/cmd/di_container/di_app_container.go:234.16,236.3 1 0
internshipPVZ/cmd/di_container/di_app_container.go:237.2,238.44 1 0
internshipPVZ/cmd/di_container/di_app_container.go:238.44,239.14 1 0
internshipPVZ/cmd/di_container/di_app_container.go:239.14,242.54 3 0
internshipPVZ/cmd/di_container/di_app_container.go:242.54,244.6 1 0
internshipPVZ/cmd/di_container/di_app_container.go:246.4,246.14 1 0
internshipPVZ/cmd/di_container/di_app_container.go:248.43,250.4 1 0
internshipPVZ/internal/grpc/server.go:17.58,18.15 1 0
internshipPVZ/internal/grpc/server.go:18.15,20.3 1 0
internshipPVZ/internal/grpc/server.go:21.2,24.26 4 0
internshipPVZ/internal/grpc/server.go:27.54,29.16 2 0
internshipPVZ/internal/grpc/server.go:29.16,31.3 1 0
internshipPVZ/internal/grpc/server.go:32.2,33.38 2 0
internshipPVZ/internal/grpc/server.go:33.38,35.3 1 0
internshipPVZ/internal/grpc/server.go:36.2,36.12 1 0
internshipPVZ/internal/grpc/server.go:39.39,41.2 1 0
internshipPVZ/internal/grpc/handler/handler.go:22.62,24.2 1 0
internshipPVZ/internal/grpc/handler/handler.go:26.119,33.2 4 0
internshipPVZ/coverage/filter_coverage.go:10.13,11.22 1 0
internshipPVZ/coverage/filter_coverage.go:11.22,14.3 2 0
internshipPVZ/coverage/filter_coverage.go:16.2,36.73 5 0
internshipPVZ/coverage/filter_coverage.go:39.94,41.16 2 0
internshipPVZ/coverage/filter_coverage.go:41.16,44.3 2 0
internshipPVZ/coverage/filter_coverage.go:45.2,48.16 3 0
internshipPVZ/coverage/filter_coverage.go:48.16,51.3 2 0
internshipPVZ/coverage/filter_coverage.go:52.2,57.21 4 0
internshipPVZ/coverage/filter_coverage.go:57.21,59.60 2 0
internshipPVZ/coverage/filter_coverage.go:59.60,61.4 1 0
internshipPVZ/coverage/filter_coverage.go:64.2,66.38 2 0
internshipPVZ/coverage/filter_coverage.go:66.38,68.3 1 0
internshipPVZ/coverage/filter_coverage.go:71.81,72.42 1 0
internshipPVZ/coverage/filter_coverage.go:72.42,73.38 1 0
internshipPVZ/coverage/filter_coverage.go:73.38,75.4 1 0
internshipPVZ/coverage/filter_coverage.go:77.2,77.42 1 0
internshipPVZ/coverage/filter_coverage.go:77.42,78.38 1 0
internshipPVZ/coverage/filter_coverage.go:78.38,80.4 1 0
internshipPVZ/coverage/filter_coverage.go:82.2,82.14 1 0
internshipPVZ/internal/middleware/auth_middleware.go:21.73,22.34 1 0
internshipPVZ/internal/middleware/auth_middleware.go:22.34,23.15 1 0
internshipPVZ/internal/middleware/auth_middleware.go:23.15,28.4 2 0
internshipPVZ/internal/middleware/auth_middleware.go:29.3,29.83 1 0
internshipPVZ/internal/middleware/auth_middleware.go:29.83,31.4 1 0
internshipPVZ/internal/middleware/auth_middleware.go:32.3,33.23 2 0
internshipPVZ/internal/middleware/auth_middleware.go:33.23,37.4 1 0
internshipPVZ/internal/middleware/auth_middleware.go:39.3,41.17 3 0
internshipPVZ/internal/middleware/auth_middleware.go:41.17,45.4 1 0
internshipPVZ/internal/middleware/auth_middleware.go:47.3,49.18 2 0
internshipPVZ/internal/middleware/auth_middleware.go:53.45,54.56 1 0
internshipPVZ/internal/middleware/auth_middleware.go:54.56,56.70 2 0
internshipPVZ/internal/middleware/auth_middleware.go:56.70,58.4 1 0
internshipPVZ/internal/middleware/auth_middleware.go:59.3,59.15 1 0
internshipPVZ/internal/middleware/auth_middleware.go:61.2,61.19 1 0
internshipPVZ/internal/middleware/prometheus_middleware.go:51.13,57.2 5 0
internshipPVZ/internal/middleware/prometheus_middleware.go:59.56,60.34 1 0
internshipPVZ/internal/middleware/prometheus_middleware.go:60.34,61.15 1 0
internshipPVZ/internal/middleware/prometheus_middleware.go:61.15,66.4 2 0
internshipPVZ/internal/middleware/prometheus_middleware.go:67.3,77.58 8 0
internshipPVZ/internal/middleware/prometheus_middleware.go:77.58,79.4 1 0
internshipPVZ/internal/middleware/prometheus_middleware.go:80.3,80.65 1 0
internshipPVZ/internal/middleware/prometheus_middleware.go:80.65,82.4 1 0
internshipPVZ/internal/middleware/prometheus_middleware.go:83.3,83.63 1 0
internshipPVZ/internal/middleware/prometheus_middleware.go:83.63,85.4 1 0
internshipPVZ/internal/middleware/prometheus_middleware.go:86.3,86.13 1 0
internshipPVZ/internal/middleware/prometheus_middleware.go:90.37,91.34 1 0
internshipPVZ/internal/middleware/prometheus_middleware.go:91.34,95.3 3 0
internshipPVZ/internal/http/server.go:44.14,45.27 1 0
internshipPVZ/internal/http/server.go:45.27,47.3 1 0
internshipPVZ/internal/http/server.go:48.2,48.26 1 0
internshipPVZ/internal/http/server.go:48.26,50.3 1 0
internshipPVZ/internal/http/server.go:51.2,51.32 1 0
internshipPVZ/internal/http/server.go:51.32,53.3 1 0
internshipPVZ/internal/http/server.go:54.2,54.30 1 0
internshipPVZ/internal/http/server.go:54.30,56.3 1 0
internshipPVZ/internal/http/server.go:57.2,57.23 1 0
internshipPVZ/internal/http/server.go:57.23,59.3 1 0
internshipPVZ/internal/http/server.go:60.2,60.19 1 0
internshipPVZ/internal/http/server.go:60.19,62.3 1 0
internshipPVZ/internal/http/server.go:64.2,79.12 13 0
internshipPVZ/internal/prometheus/server.go:8.39,13.2 3 0
internshipPVZ/internal/grpc/models/pvz.pb.go:34.23,39.2 4 0
internshipPVZ/internal/grpc/models/pvz.pb.go:41.31,43.2 1 0
internshipPVZ/internal/grpc/models/pvz.pb.go:45.29,45.30 0 0
internshipPVZ/internal/grpc/models/pvz.pb.go:47.51,49.14 2 0
internshipPVZ/internal/grpc/models/pvz.pb.go:49.14,51.34 2 0
internshipPVZ/internal/grpc/models/pvz.pb.go:51.34,53.4 1 0
internshipPVZ/internal/grpc/models/pvz.pb.go:54.3,54.12 1 0
internshipPVZ/internal/grpc/models/pvz.pb.go:56.2,56.24 1 0
internshipPVZ/internal/grpc/models/pvz.pb.go:60.42,62.2 1 0
internshipPVZ/internal/grpc/models/pvz.pb.go:64.30,65.14 1 0
internshipPVZ/internal/grpc/models/pvz.pb.go:65.14,67.3 1 0
internshipPVZ/internal/grpc/models/pvz.pb.go:68.2,68.11 1 0
internshipPVZ/internal/grpc/models/pvz.pb.go:71.60,72.14 1 0
internshipPVZ/internal/grpc/models/pvz.pb.go:72.14,74.3 1 0
internshipPVZ/internal/grpc/models/pvz.pb.go:75.2,75.12 1 0
internshipPVZ/internal/grpc/models/pvz.pb.go:78.32,79.14 1 0
internshipPVZ/internal/grpc/models/pvz.pb.go:79.14,81.3 1 0
internshipPVZ/internal/grpc/models/pvz.pb.go:82.2,82.11 1 0
internshipPVZ/internal/grpc/models/pvz.pb.go:91.37,96.2 4 0
internshipPVZ/internal/grpc/models/pvz.pb.go:98.45,100.2 1 0
internshipPVZ/internal/grpc/models/pvz.pb.go:102.43,102.44 0 0
internshipPVZ/internal/grpc/models/pvz.pb.go:104.65,106.14 2 0
internshipPVZ/internal/grpc/models/pvz.pb.go:106.14,108.34 2 0
internshipPVZ/internal/grpc/models/pvz.pb.go:108.34,110.4 1 0
internshipPVZ/internal/grpc/models/pvz.pb.go:111.3,111.12 1 0
internshipPVZ/internal/grpc/models/pvz.pb.go:113.2,113.24 1 0
internshipPVZ/internal/grpc/models/pvz.pb.go:117.56,119.2 1 0
internshipPVZ/internal/grpc/models/pvz.pb.go:128.38,133.2 4 0
internshipPVZ/internal/grpc/models/pvz.pb.go:135.46,137.2 1 0
internshipPVZ/internal/grpc/models/pvz.pb.go:139.44,139.45 0 0
internshipPVZ/internal/grpc/models/pvz.pb.go:141.66,143.14 2 0
internshipPVZ/internal/grpc/models/pvz.pb.go:143.14,145.34 2 0
internshipPVZ/internal/grpc/models/pvz.pb.go:145.34,147.4 1 0
internshipPVZ/internal/grpc/models/pvz.pb.go:148.3,148.12 1 0
internshipPVZ/internal/grpc/models/pvz.pb.go:150.2,150.24 1 0
internshipPVZ/internal/grpc/models/pvz.pb.go:154.57,156.2 1 0
internshipPVZ/internal/grpc/models/pvz.pb.go:158.47,159.14 1 0
internshipPVZ/internal/grpc/models/pvz.pb.go:159.14,161.3 1 0
internshipPVZ/internal/grpc/models/pvz.pb.go:162.2,162.12 1 0
internshipPVZ/internal/grpc/models/pvz.pb.go:187.42,188.39 1 0
internshipPVZ/internal/grpc/models/pvz.pb.go:188.39,190.3 1 0
internshipPVZ/internal/grpc/models/pvz.pb.go:191.2,191.35 1 0
internshipPVZ/internal/grpc/models/pvz.pb.go:213.13,213.38 1 0
internshipPVZ/internal/grpc/models/pvz.pb.go:214.28,215.27 1 0
internshipPVZ/internal/grpc/models/pvz.pb.go:215.27,217.3 1 0
internshipPVZ/internal/grpc/models/pvz.pb.go:218.2,234.30 5 0
internshipPVZ/internal/grpc/models/pvz_grpc.pb.go:36.72,38.2 1 0
internshipPVZ/internal/grpc/models/pvz_grpc.pb.go:40.137,44.16 4 0
internshipPVZ/internal/grpc/models/pvz_grpc.pb.go:44.16,46.3 1 0
internshipPVZ/internal/grpc/models/pvz_grpc.pb.go:47.2,47.17 1 0
internshipPVZ/internal/grpc/models/pvz_grpc.pb.go:65.115,67.2 1 0
internshipPVZ/internal/grpc/models/pvz_grpc.pb.go:68.80,68.81 0 0
internshipPVZ/internal/grpc/models/pvz_grpc.pb.go:69.80,69.81 0 0
internshipPVZ/internal/grpc/models/pvz_grpc.pb.go:78.78,83.59 1 0
internshipPVZ/internal/grpc/models/pvz_grpc.pb.go:83.59,85.3 1 0
internshipPVZ/internal/grpc/models/pvz_grpc.pb.go:86.2,86.49 1 0
internshipPVZ/internal/grpc/models/pvz_grpc.pb.go:89.166,91.32 2 0
internshipPVZ/internal/grpc/models/pvz_grpc.pb.go:91.32,93.3 1 0
internshipPVZ/internal/grpc/models/pvz_grpc.pb.go:94.2,94.24 1 0
internshipPVZ/internal/grpc/models/pvz_grpc.pb.go:94.24,96.3 1 0
internshipPVZ/internal/grpc/models/pvz_grpc.pb.go:97.2,101.77 2 0
internshipPVZ/internal/grpc/models/pvz_grpc.pb.go:101.77,103.3 1 0
internshipPVZ/internal/grpc/models/pvz_grpc.pb.go:104.2,104.44 1 0
internshipPVZ/cmd/initDB/drop_db.go:10.46,11.16 1 0
internshipPVZ/cmd/initDB/drop_db.go:11.16,13.3 1 0
internshipPVZ/cmd/initDB/drop_db.go:14.2,14.34 1 0
internshipPVZ/cmd/initDB/drop_db.go:14.34,16.3 1 0
internshipPVZ/cmd/initDB/drop_db.go:17.2,17.37 1 0
internshipPVZ/cmd/initDB/drop_db.go:17.37,19.3 1 0
internshipPVZ/cmd/initDB/drop_db.go:20.2,21.16 2 0
internshipPVZ/cmd/initDB/drop_db.go:21.16,23.3 1 0
internshipPVZ/cmd/initDB/drop_db.go:25.2,30.16 2 0
internshipPVZ/cmd/initDB/drop_db.go:30.16,32.3 1 0
internshipPVZ/cmd/initDB/drop_db.go:34.2,34.73 1 0
internshipPVZ/cmd/initDB/drop_db.go:34.73,36.3 1 0
internshipPVZ/cmd/initDB/drop_db.go:38.2,38.12 1 0
internshipPVZ/cmd/initDB/open_connection.go:21.62,22.16 1 0
internshipPVZ/cmd/initDB/open_connection.go:22.16,24.3 1 0
internshipPVZ/cmd/initDB/open_connection.go:25.2,30.16 3 0
internshipPVZ/cmd/initDB/open_connection.go:30.16,32.3 1 0
internshipPVZ/cmd/initDB/open_connection.go:34.2,41.44 6 0
internshipPVZ/cmd/initDB/open_connection.go:41.44,43.3 1 0
internshipPVZ/cmd/initDB/open_connection.go:45.2,45.16 1 0
internshipPVZ/cmd/initDB/run_migrations.go:17.47,18.16 1 0
internshipPVZ/cmd/initDB/run_migrations.go:18.16,20.3 1 0
internshipPVZ/cmd/initDB/run_migrations.go:21.2,21.34 1 0
internshipPVZ/cmd/initDB/run_migrations.go:21.34,23.3 1 0
internshipPVZ/cmd/initDB/run_migrations.go:24.2,24.37 1 0
internshipPVZ/cmd/initDB/run_migrations.go:24.37,26.3 1 0
internshipPVZ/cmd/initDB/run_migrations.go:27.2,28.16 2 0
internshipPVZ/cmd/initDB/run_migrations.go:28.16,30.3 1 0
internshipPVZ/cmd/initDB/run_migrations.go:31.2,37.16 2 0
internshipPVZ/cmd/initDB/run_migrations.go:37.16,39.3 1 0
internshipPVZ/cmd/initDB/run_migrations.go:40.2,40.73 1 0
internshipPVZ/cmd/initDB/run_migrations.go:40.73,42.3 1 0
internshipPVZ/cmd/initDB/run_migrations.go:44.2,44.71 1 0
internshipPVZ/cmd/initDB/run_migrations.go:44.71,46.3 1 0
internshipPVZ/cmd/initDB/run_migrations.go:48.2,48.12 1 0
internshipPVZ/internal/domain/model/product.go:18.35,20.2 1 0
internshipPVZ/internal/domain/model/product.go:22.36,30.2 2 0
internshipPVZ/internal/domain/model/product.go:32.44,40.2 2 0
internshipPVZ/internal/domain/model/product.go:49.39,51.2 1 0
internshipPVZ/internal/domain/model/pvz.go:18.28,20.2 1 0
internshipPVZ/internal/domain/model/pvz.go:22.29,30.2 2 0
internshipPVZ/internal/domain/model/pvz.go:32.30,40.2 2 0
internshipPVZ/internal/domain/model/pvz.go:48.33,50.2 1 0
internshipPVZ/internal/domain/model/reception.go:16.40,18.2 1 0
internshipPVZ/internal/domain/model/reception.go:20.40,26.2 2 0
internshipPVZ/internal/domain/model/reception.go:28.51,34.2 2 0
internshipPVZ/internal/domain/model/reception.go:43.43,45.2 1 0
internshipPVZ/internal/domain/model/user.go:16.28,18.2 1 0
internshipPVZ/internal/domain/model/user.go:20.28,27.2 2 0
internshipPVZ/internal/domain/model/user.go:29.33,36.2 2 0
internshipPVZ/internal/domain/model/user.go:45.33,47.2 1 0
internshipPVZ/internal/repository/product_repo.go:20.59,21.19 1 0
internshipPVZ/internal/repository/product_repo.go:21.19,24.3 2 0
internshipPVZ/internal/repository/product_repo.go:25.2,25.37 1 0
internshipPVZ/internal/repository/product_repo.go:25.37,27.3 1 0
internshipPVZ/internal/repository/product_repo.go:28.2,31.3 1 0
internshipPVZ/internal/repository/product_repo.go:34.76,43.2 2 0
internshipPVZ/internal/repository/product_repo.go:45.91,54.16 3 0
internshipPVZ/internal/repository/product_repo.go:54.16,56.3 1 0
internshipPVZ/internal/repository/product_repo.go:57.2,57.19 1 0
internshipPVZ/internal/repository/product_repo.go:60.94,72.2 3 0
internshipPVZ/internal/repository/pvz_repo.go:15.51,16.19 1 0
internshipPVZ/internal/repository/pvz_repo.go:16.19,19.3 2 0
internshipPVZ/internal/repository/pvz_repo.go:20.2,20.37 1 0
internshipPVZ/internal/repository/pvz_repo.go:20.37,22.3 1 0
internshipPVZ/internal/repository/pvz_repo.go:23.2,26.3 1 0
internshipPVZ/internal/repository/pvz_repo.go:29.67,37.2 2 0
internshipPVZ/internal/repository/pvz_repo.go:39.125,62.24 4 0
internshipPVZ/internal/repository/pvz_repo.go:62.24,64.3 1 0
internshipPVZ/internal/repository/pvz_repo.go:65.2,65.22 1 0
internshipPVZ/internal/repository/pvz_repo.go:65.22,67.3 1 0
internshipPVZ/internal/repository/pvz_repo.go:68.2,72.16 3 0
internshipPVZ/internal/repository/pvz_repo.go:72.16,74.3 1 0
internshipPVZ/internal/repository/pvz_repo.go:75.2,79.21 3 0
internshipPVZ/internal/repository/pvz_repo.go:79.21,92.17 3 0
internshipPVZ/internal/repository/pvz_repo.go:92.17,94.4 1 0
internshipPVZ/internal/repository/pvz_repo.go:95.3,95.28 1 0
internshipPVZ/internal/repository/pvz_repo.go:98.2,98.18 1 0
internshipPVZ/internal/repository/pvz_repo.go:101.64,104.16 2 0
internshipPVZ/internal/repository/pvz_repo.go:104.16,106.3 1 0
internshipPVZ/internal/repository/pvz_repo.go:107.2,108.18 2 0
internshipPVZ/internal/repository/pvz_repo.go:108.18,115.17 3 0
internshipPVZ/internal/repository/pvz_repo.go:115.17,117.4 1 0
internshipPVZ/internal/repository/pvz_repo.go:118.3,118.28 1 0
internshipPVZ/internal/repository/pvz_repo.go:120.2,120.18 1 0
internshipPVZ/internal/repository/pvz_repo.go:123.79,131.16 3 0
internshipPVZ/internal/repository/pvz_repo.go:131.16,133.3 1 0
internshipPVZ/internal/repository/pvz_repo.go:134.2,134.24 1 0
internshipPVZ/internal/repository/reception_repo.go:19.63,20.19 1 0
internshipPVZ/internal/repository/reception_repo.go:20.19,23.3 2 0
internshipPVZ/internal/repository/reception_repo.go:24.2,24.37 1 0
internshipPVZ/internal/repository/reception_repo.go:24.37,26.3 1 0
internshipPVZ/internal/repository/reception_repo.go:27.2,29.56 1 0
internshipPVZ/internal/repository/reception_repo.go:32.79,41.2 2 0
internshipPVZ/internal/repository/reception_repo.go:43.83,54.16 2 0
internshipPVZ/internal/repository/reception_repo.go:54.16,55.36 1 0
internshipPVZ/internal/repository/reception_repo.go:55.36,57.4 1 0
internshipPVZ/internal/repository/reception_repo.go:58.3,58.13 1 0
internshipPVZ/internal/repository/reception_repo.go:60.2,60.12 1 0
internshipPVZ/internal/repository/reception_repo.go:63.94,75.16 3 0
internshipPVZ/internal/repository/reception_repo.go:75.16,77.3 1 0
internshipPVZ/internal/repository/reception_repo.go:78.2,78.24 1 0
internshipPVZ/internal/repository/reception_repo.go:81.78,87.2 2 0
internshipPVZ/internal/repository/user_repo.go:21.53,22.19 1 0
internshipPVZ/internal/repository/user_repo.go:22.19,25.3 2 0
internshipPVZ/internal/repository/user_repo.go:26.2,26.37 1 0
internshipPVZ/internal/repository/user_repo.go:26.37,28.3 1 0
internshipPVZ/internal/repository/user_repo.go:29.2,32.3 1 0
internshipPVZ/internal/repository/user_repo.go:35.70,42.16 2 0
internshipPVZ/internal/repository/user_repo.go:42.16,43.56 1 0
internshipPVZ/internal/repository/user_repo.go:43.56,45.4 1 0
internshipPVZ/internal/repository/user_repo.go:47.2,47.12 1 0
internshipPVZ/internal/repository/user_repo.go:50.86,58.16 4 0
internshipPVZ/internal/repository/user_repo.go:58.16,59.36 1 0
internshipPVZ/internal/repository/user_repo.go:59.36,61.4 1 0
internshipPVZ/internal/repository/user_repo.go:62.3,62.18 1 0
internshipPVZ/internal/repository/user_repo.go:64.2,64.15 1 0
internshipPVZ/internal/domain/model/product.go:18.35,20.2 1 1
internshipPVZ/internal/domain/model/product.go:22.36,30.2 2 1
internshipPVZ/internal/domain/model/product.go:32.44,40.2 2 1
internshipPVZ/internal/domain/model/product.go:49.39,51.2 1 1
internshipPVZ/internal/domain/model/pvz.go:18.28,20.2 1 1
internshipPVZ/internal/domain/model/pvz.go:22.29,30.2 2 1
internshipPVZ/internal/domain/model/pvz.go:32.30,40.2 2 1
internshipPVZ/internal/domain/model/pvz.go:48.33,50.2 1 1
internshipPVZ/internal/domain/model/reception.go:16.40,18.2 1 0
internshipPVZ/internal/domain/model/reception.go:20.40,26.2 2 1
internshipPVZ/internal/domain/model/reception.go:28.51,34.2 2 1
internshipPVZ/internal/domain/model/reception.go:43.43,45.2 1 1
internshipPVZ/internal/domain/model/user.go:16.28,18.2 1 1
internshipPVZ/internal/domain/model/user.go:20.28,27.2 2 1
internshipPVZ/internal/domain/model/user.go:29.33,36.2 2 1
internshipPVZ/internal/domain/model/user.go:45.33,47.2 1 1
internshipPVZ/internal/grpc/models/pvz.pb.go:34.23,39.2 4 0
internshipPVZ/internal/grpc/models/pvz.pb.go:41.31,43.2 1 0
internshipPVZ/internal/grpc/models/pvz.pb.go:45.29,45.30 0 0
internshipPVZ/internal/grpc/models/pvz.pb.go:47.51,49.14 2 0
internshipPVZ/internal/grpc/models/pvz.pb.go:49.14,51.34 2 0
internshipPVZ/internal/grpc/models/pvz.pb.go:51.34,53.4 1 0
internshipPVZ/internal/grpc/models/pvz.pb.go:54.3,54.12 1 0
internshipPVZ/internal/grpc/models/pvz.pb.go:56.2,56.24 1 0
internshipPVZ/internal/grpc/models/pvz.pb.go:60.42,62.2 1 0
internshipPVZ/internal/grpc/models/pvz.pb.go:64.30,65.14 1 0
internshipPVZ/internal/grpc/models/pvz.pb.go:65.14,67.3 1 0
internshipPVZ/internal/grpc/models/pvz.pb.go:68.2,68.11 1 0
internshipPVZ/internal/grpc/models/pvz.pb.go:71.60,72.14 1 0
internshipPVZ/internal/grpc/models/pvz.pb.go:72.14,74.3 1 0
internshipPVZ/internal/grpc/models/pvz.pb.go:75.2,75.12 1 0
internshipPVZ/internal/grpc/models/pvz.pb.go:78.32,79.14 1 0
internshipPVZ/internal/grpc/models/pvz.pb.go:79.14,81.3 1 0
internshipPVZ/internal/grpc/models/pvz.pb.go:82.2,82.11 1 0
internshipPVZ/internal/grpc/models/pvz.pb.go:91.37,96.2 4 0
internshipPVZ/internal/grpc/models/pvz.pb.go:98.45,100.2 1 0
internshipPVZ/internal/grpc/models/pvz.pb.go:102.43,102.44 0 0
internshipPVZ/internal/grpc/models/pvz.pb.go:104.65,106.14 2 0
internshipPVZ/internal/grpc/models/pvz.pb.go:106.14,108.34 2 0
internshipPVZ/internal/grpc/models/pvz.pb.go:108.34,110.4 1 0
internshipPVZ/internal/grpc/models/pvz.pb.go:111.3,111.12 1 0
internshipPVZ/internal/grpc/models/pvz.pb.go:113.2,113.24 1 0
internshipPVZ/internal/grpc/models/pvz.pb.go:117.56,119.2 1 0
internshipPVZ/internal/grpc/models/pvz.pb.go:128.38,133.2 4 0
internshipPVZ/internal/grpc/models/pvz.pb.go:135.46,137.2 1 0
internshipPVZ/internal/grpc/models/pvz.pb.go:139.44,139.45 0 0
internshipPVZ/internal/grpc/models/pvz.pb.go:141.66,143.14 2 0
internshipPVZ/internal/grpc/models/pvz.pb.go:143.14,145.34 2 0
internshipPVZ/internal/grpc/models/pvz.pb.go:145.34,147.4 1 0
internshipPVZ/internal/grpc/models/pvz.pb.go:148.3,148.12 1 0
internshipPVZ/internal/grpc/models/pvz.pb.go:150.2,150.24 1 0
internshipPVZ/internal/grpc/models/pvz.pb.go:154.57,156.2 1 0
internshipPVZ/internal/grpc/models/pvz.pb.go:158.47,159.14 1 0
internshipPVZ/internal/grpc/models/pvz.pb.go:159.14,161.3 1 0
internshipPVZ/internal/grpc/models/pvz.pb.go:162.2,162.12 1 0
internshipPVZ/internal/grpc/models/pvz.pb.go:187.42,188.39 1 0
internshipPVZ/internal/grpc/models/pvz.pb.go:188.39,190.3 1 0
internshipPVZ/internal/grpc/models/pvz.pb.go:191.2,191.35 1 0
internshipPVZ/internal/grpc/models/pvz.pb.go:213.13,213.38 1 1
internshipPVZ/internal/grpc/models/pvz.pb.go:214.28,215.27 1 1
internshipPVZ/internal/grpc/models/pvz.pb.go:215.27,217.3 1 0
internshipPVZ/internal/grpc/models/pvz.pb.go:218.2,234.30 5 1
internshipPVZ/internal/grpc/models/pvz_grpc.pb.go:36.72,38.2 1 0
internshipPVZ/internal/grpc/models/pvz_grpc.pb.go:40.137,44.16 4 0
internshipPVZ/internal/grpc/models/pvz_grpc.pb.go:44.16,46.3 1 0
internshipPVZ/internal/grpc/models/pvz_grpc.pb.go:47.2,47.17 1 0
internshipPVZ/internal/grpc/models/pvz_grpc.pb.go:65.115,67.2 1 0
internshipPVZ/internal/grpc/models/pvz_grpc.pb.go:68.80,68.81 0 0
internshipPVZ/internal/grpc/models/pvz_grpc.pb.go:69.80,69.81 0 0
internshipPVZ/internal/grpc/models/pvz_grpc.pb.go:78.78,83.59 1 0
internshipPVZ/internal/grpc/models/pvz_grpc.pb.go:83.59,85.3 1 0
internshipPVZ/internal/grpc/models/pvz_grpc.pb.go:86.2,86.49 1 0
internshipPVZ/internal/grpc/models/pvz_grpc.pb.go:89.166,91.32 2 0
internshipPVZ/internal/grpc/models/pvz_grpc.pb.go:91.32,93.3 1 0
internshipPVZ/internal/grpc/models/pvz_grpc.pb.go:94.2,94.24 1 0
internshipPVZ/internal/grpc/models/pvz_grpc.pb.go:94.24,96.3 1 0
internshipPVZ/internal/grpc/models/pvz_grpc.pb.go:97.2,101.77 2 0
internshipPVZ/internal/grpc/models/pvz_grpc.pb.go:101.77,103.3 1 0
internshipPVZ/internal/grpc/models/pvz_grpc.pb.go:104.2,104.44 1 0
internshipPVZ/internal/usecase/helper_private_pvz.go:13.60,14.19 1 1
internshipPVZ/internal/usecase/helper_private_pvz.go:14.19,16.3 1 1
internshipPVZ/internal/usecase/helper_private_pvz.go:17.2,18.16 2 1
internshipPVZ/internal/usecase/helper_private_pvz.go:18.16,20.3 1 1
internshipPVZ/internal/usecase/helper_private_pvz.go:21.2,26.17 2 1
internshipPVZ/internal/usecase/helper_private_pvz.go:29.57,30.18 1 1
internshipPVZ/internal/usecase/helper_private_pvz.go:30.18,32.3 1 1
internshipPVZ/internal/usecase/helper_private_pvz.go:33.2,34.29 2 1
internshipPVZ/internal/usecase/helper_private_pvz.go:34.29,35.18 1 1
internshipPVZ/internal/usecase/helper_private_pvz.go:35.18,37.4 1 1
internshipPVZ/internal/usecase/helper_private_pvz.go:38.3,43.31 2 1
internshipPVZ/internal/usecase/helper_private_pvz.go:46.2,46.20 1 1
internshipPVZ/internal/usecase/helper_private_pvz.go:49.82,50.18 1 1
internshipPVZ/internal/usecase/helper_private_pvz.go:50.18,52.3 1 1
internshipPVZ/internal/usecase/helper_private_pvz.go:53.2,54.29 2 1
internshipPVZ/internal/usecase/helper_private_pvz.go:54.29,55.18 1 1
internshipPVZ/internal/usecase/helper_private_pvz.go:55.18,57.4 1 1
internshipPVZ/internal/usecase/helper_private_pvz.go:58.3,58.62 1 1
internshipPVZ/internal/usecase/helper_private_pvz.go:61.2,62.34 2 1
internshipPVZ/internal/usecase/helper_private_pvz.go:62.34,65.17 3 1
internshipPVZ/internal/usecase/helper_private_pvz.go:65.17,67.4 1 0
internshipPVZ/internal/usecase/helper_private_pvz.go:68.3,75.30 3 1
internshipPVZ/internal/usecase/helper_private_pvz.go:75.30,77.4 1 1
internshipPVZ/internal/usecase/helper_private_pvz.go:79.3,80.44 2 1
internshipPVZ/internal/usecase/helper_private_pvz.go:80.44,83.18 3 1
internshipPVZ/internal/usecase/helper_private_pvz.go:83.18,85.5 1 0
internshipPVZ/internal/usecase/helper_private_pvz.go:86.4,87.18 2 1
internshipPVZ/internal/usecase/helper_private_pvz.go:87.18,89.5 1 0
internshipPVZ/internal/usecase/helper_private_pvz.go:90.4,98.31 3 1
internshipPVZ/internal/usecase/helper_private_pvz.go:98.31,99.26 1 1
internshipPVZ/internal/usecase/helper_private_pvz.go:99.26,101.20 2 1
internshipPVZ/internal/usecase/helper_private_pvz.go:101.20,103.7 1 0
internshipPVZ/internal/usecase/helper_private_pvz.go:104.6,105.20 2 1
internshipPVZ/internal/usecase/helper_private_pvz.go:105.20,107.7 1 0
internshipPVZ/internal/usecase/helper_private_pvz.go:108.6,114.36 2 1
internshipPVZ/internal/usecase/helper_private_pvz.go:118.4,119.26 2 1
internshipPVZ/internal/usecase/helper_private_pvz.go:119.26,121.5 1 1
internshipPVZ/internal/usecase/helper_private_pvz.go:123.4,129.6 1 1
internshipPVZ/internal/usecase/helper_private_pvz.go:132.3,132.46 1 1
internshipPVZ/internal/usecase/helper_private_pvz.go:132.46,134.4 1 0
internshipPVZ/internal/usecase/helper_private_pvz.go:136.3,142.5 1 1
internshipPVZ/internal/usecase/helper_private_pvz.go:145.2,145.21 1 1
internshipPVZ/internal/usecase/helper_private_reception.go:11.81,12.22 1 1
internshipPVZ/internal/usecase/helper_private_reception.go:12.22,14.3 1 0
internshipPVZ/internal/usecase/helper_private_reception.go:15.2,16.16 2 1
internshipPVZ/internal/usecase/helper_private_reception.go:16.16,18.3 1 1
internshipPVZ/internal/usecase/helper_private_reception.go:19.2,20.16 2 1
internshipPVZ/internal/usecase/helper_private_reception.go:20.16,22.3 1 0
internshipPVZ/internal/usecase/helper_private_reception.go:23.2,29.17 2 1
internshipPVZ/internal/usecase/helper_token_data.go:9.51,12.43 3 1
internshipPVZ/internal/usecase/helper_token_data.go:12.43,14.3 1 1
internshipPVZ/internal/usecase/helper_token_data.go:15.2,15.23 1 1
internshipPVZ/internal/usecase/helper_token_data.go:18.50,19.20 1 1
internshipPVZ/internal/usecase/helper_token_data.go:19.20,21.3 1 1
internshipPVZ/internal/usecase/helper_token_data.go:23.2,27.48 3 1
internshipPVZ/internal/usecase/helper_token_data.go:27.48,29.3 1 1
internshipPVZ/internal/usecase/helper_token_data.go:30.2,30.16 1 1
internshipPVZ/internal/usecase/helper_token_data.go:33.52,34.14 1 1
internshipPVZ/internal/usecase/helper_token_data.go:35.32,36.33 1 1
internshipPVZ/internal/usecase/helper_token_data.go:37.33,38.34 1 1
internshipPVZ/internal/usecase/helper_token_data.go:39.10,40.61 1 1
internshipPVZ/internal/usecase/usecase_add_product.go:33.15,34.26 1 1
internshipPVZ/internal/usecase/usecase_add_product.go:34.26,36.3 1 0
internshipPVZ/internal/usecase/usecase_add_product.go:37.2,37.24 1 1
internshipPVZ/internal/usecase/usecase_add_product.go:37.24,39.3 1 0
internshipPVZ/internal/usecase/usecase_add_product.go:40.2,40.20 1 1
internshipPVZ/internal/usecase/usecase_add_product.go:40.20,42.3 1 0
internshipPVZ/internal/usecase/usecase_add_product.go:43.2,43.24 1 1
internshipPVZ/internal/usecase/usecase_add_product.go:43.24,45.3 1 0
internshipPVZ/internal/usecase/usecase_add_product.go:46.2,46.19 1 1
internshipPVZ/internal/usecase/usecase_add_product.go:46.19,48.3 1 0
internshipPVZ/internal/usecase/usecase_add_product.go:49.2,55.3 1 1
internshipPVZ/internal/usecase/usecase_add_product.go:66.140,68.16 2 1
internshipPVZ/internal/usecase/usecase_add_product.go:68.16,74.3 2 1
internshipPVZ/internal/usecase/usecase_add_product.go:75.2,75.32 1 1
internshipPVZ/internal/usecase/usecase_add_product.go:75.32,82.3 2 1
internshipPVZ/internal/usecase/usecase_add_product.go:84.2,89.16 5 1
internshipPVZ/internal/usecase/usecase_add_product.go:89.16,95.3 2 0
internshipPVZ/internal/usecase/usecase_add_product.go:96.2,96.13 1 1
internshipPVZ/internal/usecase/usecase_add_product.go:96.13,102.3 2 1
internshipPVZ/internal/usecase/usecase_add_product.go:104.2,106.16 3 1
internshipPVZ/internal/usecase/usecase_add_product.go:106.16,112.3 2 0
internshipPVZ/internal/usecase/usecase_add_product.go:113.2,113.21 1 1
internshipPVZ/internal/usecase/usecase_add_product.go:113.21,118.3 2 1
internshipPVZ/internal/usecase/usecase_add_product.go:119.2,120.16 2 1
internshipPVZ/internal/usecase/usecase_add_product.go:120.16,126.3 2 0
internshipPVZ/internal/usecase/usecase_add_product.go:127.2,130.16 3 1
internshipPVZ/internal/usecase/usecase_add_product.go:130.16,136.3 2 1
internshipPVZ/internal/usecase/usecase_add_product.go:138.2,139.16 2 1
internshipPVZ/internal/usecase/usecase_add_product.go:139.16,145.3 2 0
internshipPVZ/internal/usecase/usecase_add_product.go:147.2,151.24 2 1
internshipPVZ/internal/usecase/usecase_add_product.go:154.166,155.56 1 1
internshipPVZ/internal/usecase/usecase_add_product.go:155.56,157.3 1 1
internshipPVZ/internal/usecase/usecase_add_product.go:158.2,158.52 1 1
internshipPVZ/internal/usecase/usecase_add_product.go:158.52,160.3 1 1
internshipPVZ/internal/usecase/usecase_add_product.go:161.2,162.82 2 1
internshipPVZ/internal/usecase/usecase_add_product.go:162.82,164.3 1 1
internshipPVZ/internal/usecase/usecase_add_product.go:165.2,165.8 1 1
internshipPVZ/internal/usecase/usecase_add_product.go:168.90,169.21 1 1
internshipPVZ/internal/usecase/usecase_add_product.go:170.34,171.35 1 1
internshipPVZ/internal/usecase/usecase_add_product.go:172.38,173.39 1 1
internshipPVZ/internal/usecase/usecase_add_product.go:174.32,175.33 1 1
internshipPVZ/internal/usecase/usecase_add_product.go:176.10,181.71 2 1
internshipPVZ/internal/usecase/usecase_add_product.go:185.90,186.20 1 1
internshipPVZ/internal/usecase/usecase_add_product.go:186.20,188.3 1 1
internshipPVZ/internal/usecase/usecase_add_product.go:189.2,190.16 2 1
internshipPVZ/internal/usecase/usecase_add_product.go:190.16,192.3 1 1
internshipPVZ/internal/usecase/usecase_add_product.go:193.2,194.16 2 1
internshipPVZ/internal/usecase/usecase_add_product.go:194.16,196.3 1 0
internshipPVZ/internal/usecase/usecase_add_product.go:197.2,203.17 2 1
internshipPVZ/internal/usecase/usecase_auth.go:39.9,40.21 1 1
internshipPVZ/internal/usecase/usecase_auth.go:40.21,43.3 1 0
internshipPVZ/internal/usecase/usecase_auth.go:44.2,44.24 1 1
internshipPVZ/internal/usecase/usecase_auth.go:44.24,47.3 1 0
internshipPVZ/internal/usecase/usecase_auth.go:48.2,48.24 1 1
internshipPVZ/internal/usecase/usecase_auth.go:48.24,51.3 1 0
internshipPVZ/internal/usecase/usecase_auth.go:52.2,52.19 1 1
internshipPVZ/internal/usecase/usecase_auth.go:52.19,55.3 1 0
internshipPVZ/internal/usecase/usecase_auth.go:57.2,63.3 1 1
internshipPVZ/internal/usecase/usecase_auth.go:66.109,68.16 2 1
internshipPVZ/internal/usecase/usecase_auth.go:68.16,74.3 2 1
internshipPVZ/internal/usecase/usecase_auth.go:76.2,77.16 2 1
internshipPVZ/internal/usecase/usecase_auth.go:77.16,83.3 2 1
internshipPVZ/internal/usecase/usecase_auth.go:85.2,88.19 2 1
internshipPVZ/internal/usecase/usecase_auth.go:91.115,93.16 2 1
internshipPVZ/internal/usecase/usecase_auth.go:93.16,99.3 2 1
internshipPVZ/internal/usecase/usecase_auth.go:101.2,102.16 2 1
internshipPVZ/internal/usecase/usecase_auth.go:102.16,108.3 2 1
internshipPVZ/internal/usecase/usecase_auth.go:110.2,113.16 3 1
internshipPVZ/internal/usecase/usecase_auth.go:113.16,114.57 1 1
internshipPVZ/internal/usecase/usecase_auth.go:114.57,120.4 2 1
internshipPVZ/internal/usecase/usecase_auth.go:121.3,125.44 2 1
internshipPVZ/internal/usecase/usecase_auth.go:128.2,129.16 2 1
internshipPVZ/internal/usecase/usecase_auth.go:129.16,135.3 2 0
internshipPVZ/internal/usecase/usecase_auth.go:137.2,142.21 2 1
internshipPVZ/internal/usecase/usecase_auth.go:145.99,147.16 2 1
internshipPVZ/internal/usecase/usecase_auth.go:147.16,153.3 2 1
internshipPVZ/internal/usecase/usecase_auth.go:155.2,156.16 2 1
internshipPVZ/internal/usecase/usecase_auth.go:156.16,163.3 2 1
internshipPVZ/internal/usecase/usecase_auth.go:165.2,165.22 1 1
internshipPVZ/internal/usecase/usecase_auth.go:165.22,171.3 2 1
internshipPVZ/internal/usecase/usecase_auth.go:173.2,174.11 2 1
internshipPVZ/internal/usecase/usecase_auth.go:174.11,180.3 2 1
internshipPVZ/internal/usecase/usecase_auth.go:182.2,183.16 2 1
internshipPVZ/internal/usecase/usecase_auth.go:183.16,189.3 2 1
internshipPVZ/internal/usecase/usecase_auth.go:191.2,195.19 2 1
internshipPVZ/internal/usecase/usecase_auth.go:198.72,200.16 2 1
internshipPVZ/internal/usecase/usecase_auth.go:200.16,207.3 2 0
internshipPVZ/internal/usecase/usecase_auth.go:208.2,212.8 1 1
internshipPVZ/internal/usecase/usecase_auth.go:215.115,217.69 2 1
internshipPVZ/internal/usecase/usecase_auth.go:217.69,223.3 2 1
internshipPVZ/internal/usecase/usecase_auth.go:224.2,224.8 1 1
internshipPVZ/internal/usecase/usecase_auth.go:227.110,229.75 2 1
internshipPVZ/internal/usecase/usecase_auth.go:229.75,235.3 2 1
internshipPVZ/internal/usecase/usecase_auth.go:236.2,236.76 1 1
internshipPVZ/internal/usecase/usecase_auth.go:236.76,241.3 2 1
internshipPVZ/internal/usecase/usecase_auth.go:242.2,242.69 1 1
internshipPVZ/internal/usecase/usecase_auth.go:242.69,248.3 2 1
internshipPVZ/internal/usecase/usecase_auth.go:249.2,249.8 1 1
internshipPVZ/internal/usecase/usecase_auth.go:252.105,254.75 2 1
internshipPVZ/internal/usecase/usecase_auth.go:254.75,260.3 2 1
internshipPVZ/internal/usecase/usecase_auth.go:261.2,261.76 1 1
internshipPVZ/internal/usecase/usecase_auth.go:261.76,266.3 2 1
internshipPVZ/internal/usecase/usecase_auth.go:267.2,267.8 1 1
internshipPVZ/internal/usecase/usecase_auth.go:270.61,271.39 1 1
internshipPVZ/internal/usecase/usecase_auth.go:271.39,273.3 1 1
internshipPVZ/internal/usecase/usecase_auth.go:274.2,274.19 1 1
internshipPVZ/internal/usecase/usecase_auth.go:277.67,278.48 1 1
internshipPVZ/internal/usecase/usecase_auth.go:278.48,280.3 1 1
internshipPVZ/internal/usecase/usecase_auth.go:281.2,281.22 1 1
internshipPVZ/internal/usecase/usecase_close_reception.go:17.19,18.26 1 1
internshipPVZ/internal/usecase/usecase_close_reception.go:18.26,21.3 1 0
internshipPVZ/internal/usecase/usecase_close_reception.go:22.2,22.20 1 1
internshipPVZ/internal/usecase/usecase_close_reception.go:22.20,25.3 1 0
internshipPVZ/internal/usecase/usecase_close_reception.go:26.2,26.19 1 1
internshipPVZ/internal/usecase/usecase_close_reception.go:26.19,29.3 1 0
internshipPVZ/internal/usecase/usecase_close_reception.go:31.2,35.3 1 1
internshipPVZ/internal/usecase/usecase_close_reception.go:44.121,46.16 2 1
internshipPVZ/internal/usecase/usecase_close_reception.go:46.16,53.3 2 1
internshipPVZ/internal/usecase/usecase_close_reception.go:55.2,55.32 1 1
internshipPVZ/internal/usecase/usecase_close_reception.go:55.32,62.3 2 1
internshipPVZ/internal/usecase/usecase_close_reception.go:64.2,68.16 4 1
internshipPVZ/internal/usecase/usecase_close_reception.go:68.16,75.3 2 1
internshipPVZ/internal/usecase/usecase_close_reception.go:77.2,77.13 1 1
internshipPVZ/internal/usecase/usecase_close_reception.go:77.13,83.3 2 1
internshipPVZ/internal/usecase/usecase_close_reception.go:85.2,87.16 3 1
internshipPVZ/internal/usecase/usecase_close_reception.go:87.16,94.3 2 1
internshipPVZ/internal/usecase/usecase_close_reception.go:96.2,96.21 1 1
internshipPVZ/internal/usecase/usecase_close_reception.go:96.21,102.3 2 1
internshipPVZ/internal/usecase/usecase_close_reception.go:104.2,107.16 3 1
internshipPVZ/internal/usecase/usecase_close_reception.go:107.16,114.3 2 1
internshipPVZ/internal/usecase/usecase_close_reception.go:116.2,117.16 2 1
internshipPVZ/internal/usecase/usecase_close_reception.go:117.16,124.3 2 0
internshipPVZ/internal/usecase/usecase_close_reception.go:126.2,130.20 2 1
internshipPVZ/internal/usecase/usecase_close_reception.go:133.121,134.48 1 1
internshipPVZ/internal/usecase/usecase_close_reception.go:134.48,140.3 2 1
internshipPVZ/internal/usecase/usecase_close_reception.go:141.2,141.52 1 1
internshipPVZ/internal/usecase/usecase_close_reception.go:141.52,147.3 2 1
internshipPVZ/internal/usecase/usecase_close_reception.go:148.2,148.8 1 1
internshipPVZ/internal/usecase/usecase_create_pvz.go:16.14,17.20 1 1
internshipPVZ/internal/usecase/usecase_create_pvz.go:17.20,20.3 1 0
internshipPVZ/internal/usecase/usecase_create_pvz.go:21.2,21.24 1 1
internshipPVZ/internal/usecase/usecase_create_pvz.go:21.24,24.3 1 0
internshipPVZ/internal/usecase/usecase_create_pvz.go:25.2,25.19 1 1
internshipPVZ/internal/usecase/usecase_create_pvz.go:25.19,28.3 1 0
internshipPVZ/internal/usecase/usecase_create_pvz.go:30.2,34.3 1 1
internshipPVZ/internal/usecase/usecase_create_pvz.go:43.118,45.16 2 1
internshipPVZ/internal/usecase/usecase_create_pvz.go:45.16,52.3 2 1
internshipPVZ/internal/usecase/usecase_create_pvz.go:54.2,54.33 1 1
internshipPVZ/internal/usecase/usecase_create_pvz.go:54.33,61.3 2 1
internshipPVZ/internal/usecase/usecase_create_pvz.go:63.2,67.16 4 1
internshipPVZ/internal/usecase/usecase_create_pvz.go:67.16,74.3 2 1
internshipPVZ/internal/usecase/usecase_create_pvz.go:76.2,77.16 2 1
internshipPVZ/internal/usecase/usecase_create_pvz.go:77.16,84.3 2 0
internshipPVZ/internal/usecase/usecase_create_pvz.go:86.2,89.20 2 1
internshipPVZ/internal/usecase/usecase_create_pvz.go:92.123,93.52 1 1
internshipPVZ/internal/usecase/usecase_create_pvz.go:93.52,99.3 2 1
internshipPVZ/internal/usecase/usecase_create_pvz.go:101.2,103.71 2 1
internshipPVZ/internal/usecase/usecase_create_pvz.go:103.71,109.3 2 1
internshipPVZ/internal/usecase/usecase_create_pvz.go:110.2,110.8 1 1
internshipPVZ/internal/usecase/usecase_create_pvz.go:113.68,114.14 1 1
internshipPVZ/internal/usecase/usecase_create_pvz.go:115.30,116.31 1 1
internshipPVZ/internal/usecase/usecase_create_pvz.go:117.27,118.28 1 1
internshipPVZ/internal/usecase/usecase_create_pvz.go:119.29,120.30 1 1
internshipPVZ/internal/usecase/usecase_create_pvz.go:121.10,122.65 1 1
internshipPVZ/internal/usecase/usecase_delete_product.go:17.18,18.24 1 1
internshipPVZ/internal/usecase/usecase_delete_product.go:18.24,21.3 1 0
internshipPVZ/internal/usecase/usecase_delete_product.go:22.2,22.26 1 1
internshipPVZ/internal/usecase/usecase_delete_product.go:22.26,25.3 1 0
internshipPVZ/internal/usecase/usecase_delete_product.go:26.2,26.20 1 1
internshipPVZ/internal/usecase/usecase_delete_product.go:26.20,29.3 1 0
internshipPVZ/internal/usecase/usecase_delete_product.go:30.2,30.19 1 1
internshipPVZ/internal/usecase/usecase_delete_product.go:30.19,33.3 1 0
internshipPVZ/internal/usecase/usecase_delete_product.go:35.2,40.3 1 1
internshipPVZ/internal/usecase/usecase_delete_product.go:50.95,52.16 2 1
internshipPVZ/internal/usecase/usecase_delete_product.go:52.16,59.3 2 1
internshipPVZ/internal/usecase/usecase_delete_product.go:61.2,61.32 1 1
internshipPVZ/internal/usecase/usecase_delete_product.go:61.32,68.3 2 1
internshipPVZ/internal/usecase/usecase_delete_product.go:70.2,74.16 4 1
internshipPVZ/internal/usecase/usecase_delete_product.go:74.16,81.3 2 1
internshipPVZ/internal/usecase/usecase_delete_product.go:83.2,83.13 1 1
internshipPVZ/internal/usecase/usecase_delete_product.go:83.13,89.3 2 1
internshipPVZ/internal/usecase/usecase_delete_product.go:91.2,93.16 3 1
internshipPVZ/internal/usecase/usecase_delete_product.go:93.16,100.3 2 1
internshipPVZ/internal/usecase/usecase_delete_product.go:102.2,102.21 1 1
internshipPVZ/internal/usecase/usecase_delete_product.go:102.21,108.3 2 1
internshipPVZ/internal/usecase/usecase_delete_product.go:110.2,111.16 2 1
internshipPVZ/internal/usecase/usecase_delete_product.go:111.16,118.3 2 0
internshipPVZ/internal/usecase/usecase_delete_product.go:120.2,121.16 2 1
internshipPVZ/internal/usecase/usecase_delete_product.go:121.16,128.3 2 1
internshipPVZ/internal/usecase/usecase_delete_product.go:130.2,130.24 1 1
internshipPVZ/internal/usecase/usecase_delete_product.go:130.24,136.3 2 1
internshipPVZ/internal/usecase/usecase_delete_product.go:138.2,139.16 2 1
internshipPVZ/internal/usecase/usecase_delete_product.go:139.16,146.3 2 1
internshipPVZ/internal/usecase/usecase_delete_product.go:148.2,152.12 2 1
internshipPVZ/internal/usecase/usecase_delete_product.go:155.120,156.48 1 1
internshipPVZ/internal/usecase/usecase_delete_product.go:156.48,162.3 2 1
internshipPVZ/internal/usecase/usecase_delete_product.go:164.2,164.52 1 1
internshipPVZ/internal/usecase/usecase_delete_product.go:164.52,170.3 2 1
internshipPVZ/internal/usecase/usecase_delete_product.go:171.2,171.8 1 1
internshipPVZ/internal/usecase/usecase_get_pvz.go:17.11,18.20 1 1
internshipPVZ/internal/usecase/usecase_get_pvz.go:18.20,21.3 1 0
internshipPVZ/internal/usecase/usecase_get_pvz.go:22.2,22.19 1 1
internshipPVZ/internal/usecase/usecase_get_pvz.go:22.19,25.3 1 0
internshipPVZ/internal/usecase/usecase_get_pvz.go:27.2,30.3 1 1
internshipPVZ/internal/usecase/usecase_get_pvz.go:38.147,40.16 2 1
internshipPVZ/internal/usecase/usecase_get_pvz.go:40.16,49.3 2 1
internshipPVZ/internal/usecase/usecase_get_pvz.go:51.2,51.63 1 1
internshipPVZ/internal/usecase/usecase_get_pvz.go:51.63,58.3 2 0
internshipPVZ/internal/usecase/usecase_get_pvz.go:60.2,60.21 1 1
internshipPVZ/internal/usecase/usecase_get_pvz.go:60.21,62.17 2 1
internshipPVZ/internal/usecase/usecase_get_pvz.go:62.17,68.4 2 1
internshipPVZ/internal/usecase/usecase_get_pvz.go:69.3,69.65 1 1
internshipPVZ/internal/usecase/usecase_get_pvz.go:72.2,72.19 1 1
internshipPVZ/internal/usecase/usecase_get_pvz.go:72.19,74.17 2 1
internshipPVZ/internal/usecase/usecase_get_pvz.go:74.17,80.4 2 1
internshipPVZ/internal/usecase/usecase_get_pvz.go:81.3,81.61 1 1
internshipPVZ/internal/usecase/usecase_get_pvz.go:84.2,85.16 2 1
internshipPVZ/internal/usecase/usecase_get_pvz.go:85.16,95.3 2 1
internshipPVZ/internal/usecase/usecase_get_pvz.go:97.2,98.16 2 1
internshipPVZ/internal/usecase/usecase_get_pvz.go:98.16,104.3 2 0
internshipPVZ/internal/usecase/usecase_get_pvz.go:106.2,112.20 2 1
internshipPVZ/internal/usecase/usecase_get_pvz.go:115.67,117.16 2 1
internshipPVZ/internal/usecase/usecase_get_pvz.go:117.16,123.3 2 1
internshipPVZ/internal/usecase/usecase_get_pvz.go:125.2,126.16 2 1
internshipPVZ/internal/usecase/usecase_get_pvz.go:126.16,132.3 2 0
internshipPVZ/internal/usecase/usecase_get_pvz.go:133.2,137.17 3 1
internshipPVZ/internal/usecase/usecase_get_pvz.go:140.115,141.52 1 1
internshipPVZ/internal/usecase/usecase_get_pvz.go:141.52,147.3 2 1
internshipPVZ/internal/usecase/usecase_get_pvz.go:149.2,149.16 1 1
internshipPVZ/internal/usecase/usecase_get_pvz.go:149.16,151.3 1 1
internshipPVZ/internal/usecase/usecase_get_pvz.go:152.2,154.31 2 1
internshipPVZ/internal/usecase/usecase_get_pvz.go:154.31,156.3 1 1
internshipPVZ/internal/usecase/usecase_get_pvz.go:157.2,159.8 2 1
internshipPVZ/internal/usecase/usecase_get_pvz.go:162.65,165.16 3 1
internshipPVZ/internal/usecase/usecase_get_pvz.go:165.16,171.3 2 1
internshipPVZ/internal/usecase/usecase_get_pvz.go:172.2,172.22 1 1
internshipPVZ/internal/usecase/usecase_open_reception.go:19.18,20.26 1 1
internshipPVZ/internal/usecase/usecase_open_reception.go:20.26,23.3 1 0
internshipPVZ/internal/usecase/usecase_open_reception.go:24.2,24.20 1 1
internshipPVZ/internal/usecase/usecase_open_reception.go:24.20,27.3 1 0
internshipPVZ/internal/usecase/usecase_open_reception.go:28.2,28.24 1 1
internshipPVZ/internal/usecase/usecase_open_reception.go:28.24,31.3 1 0
internshipPVZ/internal/usecase/usecase_open_reception.go:32.2,32.19 1 1
internshipPVZ/internal/usecase/usecase_open_reception.go:32.19,35.3 1 0
internshipPVZ/internal/usecase/usecase_open_reception.go:37.2,42.3 1 1
internshipPVZ/internal/usecase/usecase_open_reception.go:52.120,54.16 2 1
internshipPVZ/internal/usecase/usecase_open_reception.go:54.16,61.3 2 1
internshipPVZ/internal/usecase/usecase_open_reception.go:63.2,63.32 1 1
internshipPVZ/internal/usecase/usecase_open_reception.go:63.32,70.3 2 1
internshipPVZ/internal/usecase/usecase_open_reception.go:72.2,76.16 4 1
internshipPVZ/internal/usecase/usecase_open_reception.go:76.16,83.3 2 1
internshipPVZ/internal/usecase/usecase_open_reception.go:85.2,85.13 1 1
internshipPVZ/internal/usecase/usecase_open_reception.go:85.13,91.3 2 1
internshipPVZ/internal/usecase/usecase_open_reception.go:93.2,94.16 2 1
internshipPVZ/internal/usecase/usecase_open_reception.go:94.16,101.3 2 1
internshipPVZ/internal/usecase/usecase_open_reception.go:103.2,103.12 1 1
internshipPVZ/internal/usecase/usecase_open_reception.go:103.12,109.3 2 1
internshipPVZ/internal/usecase/usecase_open_reception.go:111.2,112.16 2 1
internshipPVZ/internal/usecase/usecase_open_reception.go:112.16,119.3 2 1
internshipPVZ/internal/usecase/usecase_open_reception.go:121.2,122.16 2 1
internshipPVZ/internal/usecase/usecase_open_reception.go:122.16,129.3 2 0
internshipPVZ/internal/usecase/usecase_open_reception.go:131.2,135.20 2 1
internshipPVZ/internal/usecase/usecase_open_reception.go:138.120,139.48 1 1
internshipPVZ/internal/usecase/usecase_open_reception.go:139.48,145.3 2 1
internshipPVZ/internal/usecase/usecase_open_reception.go:147.2,147.52 1 1
internshipPVZ/internal/usecase/usecase_open_reception.go:147.52,153.3 2 1
internshipPVZ/internal/usecase/usecase_open_reception.go:154.2,154.8 1 1
internshipPVZ/cmd/initDB/drop_db.go:10.46,11.16 1 1
internshipPVZ/cmd/initDB/drop_db.go:11.16,13.3 1 0
internshipPVZ/cmd/initDB/drop_db.go:14.2,14.34 1 1
internshipPVZ/cmd/initDB/drop_db.go:14.34,16.3 1 0
internshipPVZ/cmd/initDB/drop_db.go:17.2,17.37 1 1
internshipPVZ/cmd/initDB/drop_db.go:17.37,19.3 1 0
internshipPVZ/cmd/initDB/drop_db.go:20.2,21.16 2 1
internshipPVZ/cmd/initDB/drop_db.go:21.16,23.3 1 0
internshipPVZ/cmd/initDB/drop_db.go:25.2,30.16 2 1
internshipPVZ/cmd/initDB/drop_db.go:30.16,32.3 1 0
internshipPVZ/cmd/initDB/drop_db.go:34.2,34.73 1 1
internshipPVZ/cmd/initDB/drop_db.go:34.73,36.3 1 0
internshipPVZ/cmd/initDB/drop_db.go:38.2,38.12 1 1
internshipPVZ/cmd/initDB/open_connection.go:21.62,22.16 1 1
internshipPVZ/cmd/initDB/open_connection.go:22.16,24.3 1 0
internshipPVZ/cmd/initDB/open_connection.go:25.2,30.16 3 1
internshipPVZ/cmd/initDB/open_connection.go:30.16,32.3 1 0
internshipPVZ/cmd/initDB/open_connection.go:34.2,41.44 6 1
internshipPVZ/cmd/initDB/open_connection.go:41.44,43.3 1 0
internshipPVZ/cmd/initDB/open_connection.go:45.2,45.16 1 1
internshipPVZ/cmd/initDB/run_migrations.go:17.47,18.16 1 1
internshipPVZ/cmd/initDB/run_migrations.go:18.16,20.3 1 0
internshipPVZ/cmd/initDB/run_migrations.go:21.2,21.34 1 1
internshipPVZ/cmd/initDB/run_migrations.go:21.34,23.3 1 0
internshipPVZ/cmd/initDB/run_migrations.go:24.2,24.37 1 1
internshipPVZ/cmd/initDB/run_migrations.go:24.37,26.3 1 0
internshipPVZ/cmd/initDB/run_migrations.go:27.2,28.16 2 1
internshipPVZ/cmd/initDB/run_migrations.go:28.16,30.3 1 0
internshipPVZ/cmd/initDB/run_migrations.go:31.2,37.16 2 1
internshipPVZ/cmd/initDB/run_migrations.go:37.16,39.3 1 0
internshipPVZ/cmd/initDB/run_migrations.go:40.2,40.73 1 1
internshipPVZ/cmd/initDB/run_migrations.go:40.73,42.3 1 0
internshipPVZ/cmd/initDB/run_migrations.go:44.2,44.71 1 1
internshipPVZ/cmd/initDB/run_migrations.go:44.71,46.3 1 0
internshipPVZ/cmd/initDB/run_migrations.go:48.2,48.12 1 1
internshipPVZ/internal/domain/model/product.go:18.35,20.2 1 1
internshipPVZ/internal/domain/model/product.go:22.36,30.2 2 1
internshipPVZ/internal/domain/model/product.go:32.44,40.2 2 1
internshipPVZ/internal/domain/model/product.go:49.39,51.2 1 1
internshipPVZ/internal/domain/model/pvz.go:18.28,20.2 1 1
internshipPVZ/internal/domain/model/pvz.go:22.29,30.2 2 1
internshipPVZ/internal/domain/model/pvz.go:32.30,40.2 2 1
internshipPVZ/internal/domain/model/pvz.go:48.33,50.2 1 1
internshipPVZ/internal/domain/model/reception.go:16.40,18.2 1 0
internshipPVZ/internal/domain/model/reception.go:20.40,26.2 2 1
internshipPVZ/internal/domain/model/reception.go:28.51,34.2 2 1
internshipPVZ/internal/domain/model/reception.go:43.43,45.2 1 1
internshipPVZ/internal/domain/model/user.go:16.28,18.2 1 1
internshipPVZ/internal/domain/model/user.go:20.28,27.2 2 1
internshipPVZ/internal/domain/model/user.go:29.33,36.2 2 1
internshipPVZ/internal/domain/model/user.go:45.33,47.2 1 1
internshipPVZ/internal/domain/service/hash_service.go:9.35,11.2 1 1
internshipPVZ/internal/domain/service/hash_service.go:13.69,15.16 2 1
internshipPVZ/internal/domain/service/hash_service.go:15.16,17.3 1 0
internshipPVZ/internal/domain/service/hash_service.go:18.2,18.36 1 1
internshipPVZ/internal/domain/service/hash_service.go:21.74,24.2 2 1
internshipPVZ/internal/domain/service/jwt_service.go:22.52,24.21 2 1
internshipPVZ/internal/domain/service/jwt_service.go:24.21,26.3 1 0
internshipPVZ/internal/domain/service/jwt_service.go:28.2,29.19 2 1
internshipPVZ/internal/domain/service/jwt_service.go:31.64,40.2 3 1
internshipPVZ/internal/domain/service/jwt_service.go:42.75,43.103 1 1
internshipPVZ/internal/domain/service/jwt_service.go:43.103,45.3 1 1
internshipPVZ/internal/domain/service/jwt_service.go:48.67,50.16 2 1
internshipPVZ/internal/domain/service/jwt_service.go:50.16,52.3 1 0
internshipPVZ/internal/domain/service/jwt_service.go:54.2,54.67 1 1
internshipPVZ/internal/domain/service/jwt_service.go:54.67,56.3 1 1
internshipPVZ/internal/domain/service/jwt_service.go:58.2,58.16 1 0
internshipPVZ/internal/domain/service/logger_service.go:12.50,15.30 2 1
internshipPVZ/internal/domain/service/logger_service.go:16.15,21.4 1 0
internshipPVZ/internal/domain/service/logger_service.go:22.13,27.4 1 1
internshipPVZ/internal/domain/service/logger_service.go:28.14,33.4 1 0
internshipPVZ/internal/domain/service/logger_service.go:34.10,39.4 1 0
internshipPVZ/internal/domain/service/logger_service.go:42.2,42.12 1 1
internshipPVZ/internal/domain/service/logger_service.go:45.53,47.2 1 1
internshipPVZ/internal/domain/service/logger_service.go:54.53,56.2 1 0
internshipPVZ/internal/domain/service/logger_service.go:58.52,60.2 1 1
internshipPVZ/internal/domain/service/logger_service.go:62.52,64.2 1 0
internshipPVZ/internal/domain/service/logger_service.go:66.53,68.2 1 0
internshipPVZ/internal/domain/service/time_service.go:9.35,11.2 1 1
internshipPVZ/internal/domain/service/time_service.go:13.42,15.2 1 1
internshipPVZ/internal/grpc/handler/handler.go:22.62,24.2 1 0
internshipPVZ/internal/grpc/handler/handler.go:26.119,33.2 4 0
internshipPVZ/internal/grpc/models/pvz.pb.go:34.23,39.2 4 0
internshipPVZ/internal/grpc/models/pvz.pb.go:41.31,43.2 1 0
internshipPVZ/internal/grpc/models/pvz.pb.go:45.29,45.30 0 0
internshipPVZ/internal/grpc/models/pvz.pb.go:47.51,49.14 2 0
internshipPVZ/internal/grpc/models/pvz.pb.go:49.14,51.34 2 0
internshipPVZ/internal/grpc/models/pvz.pb.go:51.34,53.4 1 0
internshipPVZ/internal/grpc/models/pvz.pb.go:54.3,54.12 1 0
internshipPVZ/internal/grpc/models/pvz.pb.go:56.2,56.24 1 0
internshipPVZ/internal/grpc/models/pvz.pb.go:60.42,62.2 1 0
internshipPVZ/internal/grpc/models/pvz.pb.go:64.30,65.14 1 0
internshipPVZ/internal/grpc/models/pvz.pb.go:65.14,67.3 1 0
internshipPVZ/internal/grpc/models/pvz.pb.go:68.2,68.11 1 0
internshipPVZ/internal/grpc/models/pvz.pb.go:71.60,72.14 1 0
internshipPVZ/internal/grpc/models/pvz.pb.go:72.14,74.3 1 0
internshipPVZ/internal/grpc/models/pvz.pb.go:75.2,75.12 1 0
internshipPVZ/internal/grpc/models/pvz.pb.go:78.32,79.14 1 0
internshipPVZ/internal/grpc/models/pvz.pb.go:79.14,81.3 1 0
internshipPVZ/internal/grpc/models/pvz.pb.go:82.2,82.11 1 0
internshipPVZ/internal/grpc/models/pvz.pb.go:91.37,96.2 4 0
internshipPVZ/internal/grpc/models/pvz.pb.go:98.45,100.2 1 0
internshipPVZ/internal/grpc/models/pvz.pb.go:102.43,102.44 0 0
internshipPVZ/internal/grpc/models/pvz.pb.go:104.65,106.14 2 0
internshipPVZ/internal/grpc/models/pvz.pb.go:106.14,108.34 2 0
internshipPVZ/internal/grpc/models/pvz.pb.go:108.34,110.4 1 0
internshipPVZ/internal/grpc/models/pvz.pb.go:111.3,111.12 1 0
internshipPVZ/internal/grpc/models/pvz.pb.go:113.2,113.24 1 0
internshipPVZ/internal/grpc/models/pvz.pb.go:117.56,119.2 1 0
internshipPVZ/internal/grpc/models/pvz.pb.go:128.38,133.2 4 0
internshipPVZ/internal/grpc/models/pvz.pb.go:135.46,137.2 1 0
internshipPVZ/internal/grpc/models/pvz.pb.go:139.44,139.45 0 0
internshipPVZ/internal/grpc/models/pvz.pb.go:141.66,143.14 2 0
internshipPVZ/internal/grpc/models/pvz.pb.go:143.14,145.34 2 0
internshipPVZ/internal/grpc/models/pvz.pb.go:145.34,147.4 1 0
internshipPVZ/internal/grpc/models/pvz.pb.go:148.3,148.12 1 0
internshipPVZ/internal/grpc/models/pvz.pb.go:150.2,150.24 1 0
internshipPVZ/internal/grpc/models/pvz.pb.go:154.57,156.2 1 0
internshipPVZ/internal/grpc/models/pvz.pb.go:158.47,159.14 1 0
internshipPVZ/internal/grpc/models/pvz.pb.go:159.14,161.3 1 0
internshipPVZ/internal/grpc/models/pvz.pb.go:162.2,162.12 1 0
internshipPVZ/internal/grpc/models/pvz.pb.go:187.42,188.39 1 0
internshipPVZ/internal/grpc/models/pvz.pb.go:188.39,190.3 1 0
internshipPVZ/internal/grpc/models/pvz.pb.go:191.2,191.35 1 0
internshipPVZ/internal/grpc/models/pvz.pb.go:213.13,213.38 1 1
internshipPVZ/internal/grpc/models/pvz.pb.go:214.28,215.27 1 1
internshipPVZ/internal/grpc/models/pvz.pb.go:215.27,217.3 1 0
internshipPVZ/internal/grpc/models/pvz.pb.go:218.2,234.30 5 1
internshipPVZ/internal/grpc/models/pvz_grpc.pb.go:36.72,38.2 1 0
internshipPVZ/internal/grpc/models/pvz_grpc.pb.go:40.137,44.16 4 0
internshipPVZ/internal/grpc/models/pvz_grpc.pb.go:44.16,46.3 1 0
internshipPVZ/internal/grpc/models/pvz_grpc.pb.go:47.2,47.17 1 0
internshipPVZ/internal/grpc/models/pvz_grpc.pb.go:65.115,67.2 1 0
internshipPVZ/internal/grpc/models/pvz_grpc.pb.go:68.80,68.81 0 0
internshipPVZ/internal/grpc/models/pvz_grpc.pb.go:69.80,69.81 0 0
internshipPVZ/internal/grpc/models/pvz_grpc.pb.go:78.78,83.59 1 0
internshipPVZ/internal/grpc/models/pvz_grpc.pb.go:83.59,85.3 1 0
internshipPVZ/internal/grpc/models/pvz_grpc.pb.go:86.2,86.49 1 0
internshipPVZ/internal/grpc/models/pvz_grpc.pb.go:89.166,91.32 2 0
internshipPVZ/internal/grpc/models/pvz_grpc.pb.go:91.32,93.3 1 0
internshipPVZ/internal/grpc/models/pvz_grpc.pb.go:94.2,94.24 1 0
internshipPVZ/internal/grpc/models/pvz_grpc.pb.go:94.24,96.3 1 0
internshipPVZ/internal/grpc/models/pvz_grpc.pb.go:97.2,101.77 2 0
internshipPVZ/internal/grpc/models/pvz_grpc.pb.go:101.77,103.3 1 0
internshipPVZ/internal/grpc/models/pvz_grpc.pb.go:104.2,104.44 1 0
internshipPVZ/internal/http/server.go:44.14,45.27 1 1
internshipPVZ/internal/http/server.go:45.27,47.3 1 0
internshipPVZ/internal/http/server.go:48.2,48.26 1 1
internshipPVZ/internal/http/server.go:48.26,50.3 1 0
internshipPVZ/internal/http/server.go:51.2,51.32 1 1
internshipPVZ/internal/http/server.go:51.32,53.3 1 0
internshipPVZ/internal/http/server.go:54.2,54.30 1 1
internshipPVZ/internal/http/server.go:54.30,56.3 1 0
internshipPVZ/internal/http/server.go:57.2,57.23 1 1
internshipPVZ/internal/http/server.go:57.23,59.3 1 0
internshipPVZ/internal/http/server.go:60.2,60.19 1 1
internshipPVZ/internal/http/server.go:60.19,62.3 1 0
internshipPVZ/internal/http/server.go:64.2,79.12 13 1
internshipPVZ/internal/http/handlers/auth_controller.go:28.80,29.24 1 1
internshipPVZ/internal/http/handlers/auth_controller.go:29.24,31.3 1 0
internshipPVZ/internal/http/handlers/auth_controller.go:32.2,32.19 1 1
internshipPVZ/internal/http/handlers/auth_controller.go:32.19,34.3 1 0
internshipPVZ/internal/http/handlers/auth_controller.go:35.2,35.66 1 1
internshipPVZ/internal/http/handlers/auth_controller.go:39.59,40.16 1 1
internshipPVZ/internal/http/handlers/auth_controller.go:40.16,46.3 2 0
internshipPVZ/internal/http/handlers/auth_controller.go:47.2,48.45 2 1
internshipPVZ/internal/http/handlers/auth_controller.go:48.45,50.3 1 0
internshipPVZ/internal/http/handlers/auth_controller.go:51.2,54.16 4 1
internshipPVZ/internal/http/handlers/auth_controller.go:54.16,56.3 1 0
internshipPVZ/internal/http/handlers/auth_controller.go:58.2,58.24 1 1
internshipPVZ/internal/http/handlers/auth_controller.go:62.57,63.16 1 1
internshipPVZ/internal/http/handlers/auth_controller.go:63.16,69.3 2 0
internshipPVZ/internal/http/handlers/auth_controller.go:70.2,71.45 2 1
internshipPVZ/internal/http/handlers/auth_controller.go:71.45,73.3 1 0
internshipPVZ/internal/http/handlers/auth_controller.go:74.2,78.16 4 1
internshipPVZ/internal/http/handlers/auth_controller.go:78.16,80.3 1 0
internshipPVZ/internal/http/handlers/auth_controller.go:82.2,82.51 1 1
internshipPVZ/internal/http/handlers/auth_controller.go:86.54,87.16 1 1
internshipPVZ/internal/http/handlers/auth_controller.go:87.16,93.3 2 0
internshipPVZ/internal/http/handlers/auth_controller.go:94.2,95.45 2 1
internshipPVZ/internal/http/handlers/auth_controller.go:95.45,97.3 1 0
internshipPVZ/internal/http/handlers/auth_controller.go:98.2,102.16 4 1
internshipPVZ/internal/http/handlers/auth_controller.go:102.16,104.3 1 0
internshipPVZ/internal/http/handlers/auth_controller.go:106.2,106.24 1 1
internshipPVZ/internal/http/handlers/product_controller.go:20.98,21.30 1 1
internshipPVZ/internal/http/handlers/product_controller.go:21.30,23.3 1 0
internshipPVZ/internal/http/handlers/product_controller.go:25.2,25.19 1 1
internshipPVZ/internal/http/handlers/product_controller.go:25.19,27.3 1 0
internshipPVZ/internal/http/handlers/product_controller.go:28.2,28.81 1 1
internshipPVZ/internal/http/handlers/product_controller.go:31.65,32.16 1 1
internshipPVZ/internal/http/handlers/product_controller.go:32.16,38.3 2 0
internshipPVZ/internal/http/handlers/product_controller.go:39.2,41.45 3 1
internshipPVZ/internal/http/handlers/product_controller.go:41.45,43.3 1 0
internshipPVZ/internal/http/handlers/product_controller.go:44.2,48.16 4 1
internshipPVZ/internal/http/handlers/product_controller.go:48.16,49.43 1 0
internshipPVZ/internal/http/handlers/product_controller.go:49.43,51.4 1 0
internshipPVZ/internal/http/handlers/product_controller.go:52.3,52.89 1 0
internshipPVZ/internal/http/handlers/product_controller.go:55.2,55.54 1 1
internshipPVZ/internal/http/handlers/pvz_controller.go:42.18,43.33 1 1
internshipPVZ/internal/http/handlers/pvz_controller.go:43.33,45.3 1 0
internshipPVZ/internal/http/handlers/pvz_controller.go:46.2,46.29 1 1
internshipPVZ/internal/http/handlers/pvz_controller.go:46.29,48.3 1 0
internshipPVZ/internal/http/handlers/pvz_controller.go:49.2,49.34 1 1
internshipPVZ/internal/http/handlers/pvz_controller.go:49.34,51.3 1 0
internshipPVZ/internal/http/handlers/pvz_controller.go:52.2,52.26 1 1
internshipPVZ/internal/http/handlers/pvz_controller.go:52.26,54.3 1 0
internshipPVZ/internal/http/handlers/pvz_controller.go:55.2,55.19 1 1
internshipPVZ/internal/http/handlers/pvz_controller.go:55.19,57.3 1 0
internshipPVZ/internal/http/handlers/pvz_controller.go:58.2,62.33 1 1
internshipPVZ/internal/http/handlers/pvz_controller.go:65.57,66.16 1 1
internshipPVZ/internal/http/handlers/pvz_controller.go:66.16,72.3 2 0
internshipPVZ/internal/http/handlers/pvz_controller.go:73.2,76.45 3 1
internshipPVZ/internal/http/handlers/pvz_controller.go:76.45,78.3 1 0
internshipPVZ/internal/http/handlers/pvz_controller.go:79.2,83.16 4 1
internshipPVZ/internal/http/handlers/pvz_controller.go:83.16,84.43 1 0
internshipPVZ/internal/http/handlers/pvz_controller.go:84.43,86.4 1 0
internshipPVZ/internal/http/handlers/pvz_controller.go:87.3,87.89 1 0
internshipPVZ/internal/http/handlers/pvz_controller.go:90.2,90.50 1 1
internshipPVZ/internal/http/handlers/pvz_controller.go:93.55,94.16 1 0
internshipPVZ/internal/http/handlers/pvz_controller.go:94.16,100.3 2 0
internshipPVZ/internal/http/handlers/pvz_controller.go:101.2,113.23 9 0
internshipPVZ/internal/http/handlers/pvz_controller.go:116.66,117.16 1 1
internshipPVZ/internal/http/handlers/pvz_controller.go:117.16,123.3 2 0
internshipPVZ/internal/http/handlers/pvz_controller.go:124.2,127.16 3 1
internshipPVZ/internal/http/handlers/pvz_controller.go:127.16,129.3 1 0
internshipPVZ/internal/http/handlers/pvz_controller.go:131.2,135.16 4 1
internshipPVZ/internal/http/handlers/pvz_controller.go:135.16,136.43 1 0
internshipPVZ/internal/http/handlers/pvz_controller.go:136.43,138.4 1 0
internshipPVZ/internal/http/handlers/pvz_controller.go:139.3,139.89 1 0
internshipPVZ/internal/http/handlers/pvz_controller.go:142.2,142.28 1 1
internshipPVZ/internal/http/handlers/pvz_controller.go:145.65,146.16 1 0
internshipPVZ/internal/http/handlers/pvz_controller.go:146.16,152.3 2 0
internshipPVZ/internal/http/handlers/pvz_controller.go:153.2,156.16 3 0
internshipPVZ/internal/http/handlers/pvz_controller.go:156.16,158.3 1 0
internshipPVZ/internal/http/handlers/pvz_controller.go:160.2,164.16 4 0
internshipPVZ/internal/http/handlers/pvz_controller.go:164.16,165.43 1 0
internshipPVZ/internal/http/handlers/pvz_controller.go:165.43,167.4 1 0
internshipPVZ/internal/http/handlers/pvz_controller.go:168.3,168.89 1 0
internshipPVZ/internal/http/handlers/pvz_controller.go:171.2,171.39 1 0
internshipPVZ/internal/http/handlers/reception_controller.go:21.108,22.33 1 1
internshipPVZ/internal/http/handlers/reception_controller.go:22.33,24.3 1 0
internshipPVZ/internal/http/handlers/reception_controller.go:25.2,25.19 1 1
internshipPVZ/internal/http/handlers/reception_controller.go:25.19,27.3 1 0
internshipPVZ/internal/http/handlers/reception_controller.go:28.2,28.89 1 1
internshipPVZ/internal/http/handlers/reception_controller.go:31.69,32.16 1 1
internshipPVZ/internal/http/handlers/reception_controller.go:32.16,38.3 2 0
internshipPVZ/internal/http/handlers/reception_controller.go:39.2,42.45 3 1
internshipPVZ/internal/http/handlers/reception_controller.go:42.45,44.3 1 0
internshipPVZ/internal/http/handlers/reception_controller.go:46.2,50.16 4 1
internshipPVZ/internal/http/handlers/reception_controller.go:50.16,51.43 1 0
internshipPVZ/internal/http/handlers/reception_controller.go:51.43,53.4 1 0
internshipPVZ/internal/http/handlers/reception_controller.go:54.3,54.89 1 0
internshipPVZ/internal/http/handlers/reception_controller.go:57.2,57.56 1 1
internshipPVZ/internal/http/handlers/shared_private.go:20.52,23.2 2 1
internshipPVZ/internal/middleware/auth_middleware.go:21.73,22.34 1 1
internshipPVZ/internal/middleware/auth_middleware.go:22.34,23.15 1 1
internshipPVZ/internal/middleware/auth_middleware.go:23.15,28.4 2 0
internshipPVZ/internal/middleware/auth_middleware.go:29.3,29.83 1 1
internshipPVZ/internal/middleware/auth_middleware.go:29.83,31.4 1 1
internshipPVZ/internal/middleware/auth_middleware.go:32.3,33.23 2 1
internshipPVZ/internal/middleware/auth_middleware.go:33.23,37.4 1 0
internshipPVZ/internal/middleware/auth_middleware.go:39.3,41.17 3 1
internshipPVZ/internal/middleware/auth_middleware.go:41.17,45.4 1 0
internshipPVZ/internal/middleware/auth_middleware.go:47.3,49.18 2 1
internshipPVZ/internal/middleware/auth_middleware.go:53.45,54.56 1 1
internshipPVZ/internal/middleware/auth_middleware.go:54.56,56.70 2 1
internshipPVZ/internal/middleware/auth_middleware.go:56.70,58.4 1 1
internshipPVZ/internal/middleware/auth_middleware.go:59.3,59.15 1 1
internshipPVZ/internal/middleware/auth_middleware.go:61.2,61.19 1 0
internshipPVZ/internal/middleware/prometheus_middleware.go:51.13,57.2 5 1
internshipPVZ/internal/middleware/prometheus_middleware.go:59.56,60.34 1 1
internshipPVZ/internal/middleware/prometheus_middleware.go:60.34,61.15 1 1
internshipPVZ/internal/middleware/prometheus_middleware.go:61.15,66.4 2 0
internshipPVZ/internal/middleware/prometheus_middleware.go:67.3,77.58 8 1
internshipPVZ/internal/middleware/prometheus_middleware.go:77.58,79.4 1 1
internshipPVZ/internal/middleware/prometheus_middleware.go:80.3,80.65 1 1
internshipPVZ/internal/middleware/prometheus_middleware.go:80.65,82.4 1 1
internshipPVZ/internal/middleware/prometheus_middleware.go:83.3,83.63 1 1
internshipPVZ/internal/middleware/prometheus_middleware.go:83.63,85.4 1 1
internshipPVZ/internal/middleware/prometheus_middleware.go:86.3,86.13 1 1
internshipPVZ/internal/middleware/prometheus_middleware.go:90.37,91.34 1 0
internshipPVZ/internal/middleware/prometheus_middleware.go:91.34,95.3 3 0
internshipPVZ/internal/repository/product_repo.go:20.59,21.19 1 1
internshipPVZ/internal/repository/product_repo.go:21.19,24.3 2 0
internshipPVZ/internal/repository/product_repo.go:25.2,25.37 1 1
internshipPVZ/internal/repository/product_repo.go:25.37,27.3 1 0
internshipPVZ/internal/repository/product_repo.go:28.2,31.3 1 1
internshipPVZ/internal/repository/product_repo.go:34.76,43.2 2 1
internshipPVZ/internal/repository/product_repo.go:45.91,54.16 3 0
internshipPVZ/internal/repository/product_repo.go:54.16,56.3 1 0
internshipPVZ/internal/repository/product_repo.go:57.2,57.19 1 0
internshipPVZ/internal/repository/product_repo.go:60.94,72.2 3 0
internshipPVZ/internal/repository/pvz_repo.go:15.51,16.19 1 1
internshipPVZ/internal/repository/pvz_repo.go:16.19,19.3 2 0
internshipPVZ/internal/repository/pvz_repo.go:20.2,20.37 1 1
internshipPVZ/internal/repository/pvz_repo.go:20.37,22.3 1 0
internshipPVZ/internal/repository/pvz_repo.go:23.2,26.3 1 1
internshipPVZ/internal/repository/pvz_repo.go:29.67,37.2 2 1
internshipPVZ/internal/repository/pvz_repo.go:39.125,62.24 4 0
internshipPVZ/internal/repository/pvz_repo.go:62.24,64.3 1 0
internshipPVZ/internal/repository/pvz_repo.go:65.2,65.22 1 0
internshipPVZ/internal/repository/pvz_repo.go:65.22,67.3 1 0
internshipPVZ/internal/repository/pvz_repo.go:68.2,72.16 3 0
internshipPVZ/internal/repository/pvz_repo.go:72.16,74.3 1 0
internshipPVZ/internal/repository/pvz_repo.go:75.2,79.21 3 0
internshipPVZ/internal/repository/pvz_repo.go:79.21,92.17 3 0
internshipPVZ/internal/repository/pvz_repo.go:92.17,94.4 1 0
internshipPVZ/internal/repository/pvz_repo.go:95.3,95.28 1 0
internshipPVZ/internal/repository/pvz_repo.go:98.2,98.18 1 0
internshipPVZ/internal/repository/pvz_repo.go:101.64,104.16 2 0
internshipPVZ/internal/repository/pvz_repo.go:104.16,106.3 1 0
internshipPVZ/internal/repository/pvz_repo.go:107.2,108.18 2 0
internshipPVZ/internal/repository/pvz_repo.go:108.18,115.17 3 0
internshipPVZ/internal/repository/pvz_repo.go:115.17,117.4 1 0
internshipPVZ/internal/repository/pvz_repo.go:118.3,118.28 1 0
internshipPVZ/internal/repository/pvz_repo.go:120.2,120.18 1 0
internshipPVZ/internal/repository/pvz_repo.go:123.79,131.16 3 1
internshipPVZ/internal/repository/pvz_repo.go:131.16,133.3 1 0
internshipPVZ/internal/repository/pvz_repo.go:134.2,134.24 1 1
internshipPVZ/internal/repository/reception_repo.go:19.63,20.19 1 1
internshipPVZ/internal/repository/reception_repo.go:20.19,23.3 2 0
internshipPVZ/internal/repository/reception_repo.go:24.2,24.37 1 1
internshipPVZ/internal/repository/reception_repo.go:24.37,26.3 1 0
internshipPVZ/internal/repository/reception_repo.go:27.2,29.56 1 1
internshipPVZ/internal/repository/reception_repo.go:32.79,41.2 2 1
internshipPVZ/internal/repository/reception_repo.go:43.83,54.16 2 1
internshipPVZ/internal/repository/reception_repo.go:54.16,55.36 1 0
internshipPVZ/internal/repository/reception_repo.go:55.36,57.4 1 0
internshipPVZ/internal/repository/reception_repo.go:58.3,58.13 1 0
internshipPVZ/internal/repository/reception_repo.go:60.2,60.12 1 1
internshipPVZ/internal/repository/reception_repo.go:63.94,75.16 3 1
internshipPVZ/internal/repository/reception_repo.go:75.16,77.3 1 0
internshipPVZ/internal/repository/reception_repo.go:78.2,78.24 1 1
internshipPVZ/internal/repository/reception_repo.go:81.78,87.2 2 1
internshipPVZ/internal/repository/user_repo.go:21.53,22.19 1 1
internshipPVZ/internal/repository/user_repo.go:22.19,25.3 2 0
internshipPVZ/internal/repository/user_repo.go:26.2,26.37 1 1
internshipPVZ/internal/repository/user_repo.go:26.37,28.3 1 0
internshipPVZ/internal/repository/user_repo.go:29.2,32.3 1 1
internshipPVZ/internal/repository/user_repo.go:35.70,42.16 2 1
internshipPVZ/internal/repository/user_repo.go:42.16,43.56 1 0
internshipPVZ/internal/repository/user_repo.go:43.56,45.4 1 0
internshipPVZ/internal/repository/user_repo.go:47.2,47.12 1 1
internshipPVZ/internal/repository/user_repo.go:50.86,58.16 4 1
internshipPVZ/internal/repository/user_repo.go:58.16,59.36 1 0
internshipPVZ/internal/repository/user_repo.go:59.36,61.4 1 0
internshipPVZ/internal/repository/user_repo.go:62.3,62.18 1 0
internshipPVZ/internal/repository/user_repo.go:64.2,64.15 1 1
internshipPVZ/test/integration/config.go:15.13,17.16 2 1
internshipPVZ/test/integration/config.go:17.16,19.3 1 0
internshipPVZ/test/integration/config.go:20.2,21.49 2 1
internshipPVZ/test/integration/config.go:24.40,37.2 1 1
internshipPVZ/test/integration/config.go:63.47,65.2 1 1
internshipPVZ/test/integration/config.go:67.43,69.2 1 1
internshipPVZ/test/integration/config.go:71.45,73.2 1 1
internshipPVZ/test/integration/config.go:75.43,77.2 1 1
internshipPVZ/test/integration/config.go:79.47,81.2 1 1
internshipPVZ/test/integration/config.go:83.45,85.2 1 1
internshipPVZ/test/integration/config.go:87.57,89.2 1 1
internshipPVZ/test/integration/config.go:91.53,93.2 1 1
internshipPVZ/test/integration/config.go:95.51,97.2 1 1
internshipPVZ/test/integration/config.go:99.48,101.2 1 1
internshipPVZ/test/integration/di_app_container.go:24.47,35.39 4 1
internshipPVZ/test/integration/di_app_container.go:35.39,37.3 1 0
internshipPVZ/test/integration/di_app_container.go:39.2,41.55 2 1
internshipPVZ/test/integration/di_app_container.go:41.55,43.3 1 0
internshipPVZ/test/integration/di_app_container.go:58.31,83.2 1 1
internshipPVZ/test/integration/di_app_container.go:85.37,143.2 1 1
internshipPVZ/test/integration/di_app_container.go:145.50,146.27 1 1
internshipPVZ/test/integration/di_app_container.go:146.27,148.3 1 1
internshipPVZ/test/integration/di_app_container.go:151.40,152.16 1 1
internshipPVZ/test/integration/di_app_container.go:152.16,154.3 1 0
internshipPVZ/test/integration/di_app_container.go:155.2,156.16 2 1
internshipPVZ/test/integration/di_app_container.go:156.16,158.3 1 0
internshipPVZ/test/integration/di_app_container.go:159.2,161.50 2 1
internshipPVZ/test/integration/di_app_container.go:161.50,163.3 1 0
internshipPVZ/test/integration/di_app_container.go:166.91,167.20 1 1
internshipPVZ/test/integration/di_app_container.go:167.20,169.3 1 0
internshipPVZ/test/integration/di_app_container.go:170.2,170.16 1 1
internshipPVZ/test/integration/di_app_container.go:170.16,172.3 1 0
internshipPVZ/test/integration/di_app_container.go:173.2,176.43 2 1
internshipPVZ/test/integration/di_app_container.go:176.43,178.3 1 0
internshipPVZ/test/integration/di_app_container.go:180.2,181.16 2 1
internshipPVZ/test/integration/di_app_container.go:181.16,183.3 1 0
internshipPVZ/test/integration/di_app_container.go:185.2,187.16 2 1
internshipPVZ/test/integration/di_app_container.go:187.16,189.3 1 0
internshipPVZ/test/integration/test_helper.go:15.49,16.40 1 1
internshipPVZ/test/integration/test_helper.go:16.40,32.27 9 1
internshipPVZ/test/integration/test_helper.go:32.27,34.4 1 1
internshipPVZ/test/integration/test_helper.go:36.3,40.29 3 1
internshipPVZ/test/integration/test_helper.go:44.59,53.16 6 0
internshipPVZ/test/integration/test_helper.go:53.16,55.3 1 0
internshipPVZ/test/integration/test_helper.go:57.2,58.16 2 0
internshipPVZ/test/integration/test_helper.go:58.16,60.3 1 0
internshipPVZ/test/integration/test_helper.go:62.2,63.14 2 0
internshipPVZ/test/integration/test_helper.go:66.50,77.16 6 1
internshipPVZ/test/integration/test_helper.go:77.16,79.3 1 0
internshipPVZ/test/integration/test_helper.go:81.2,91.43 4 1
internshipPVZ/test/integration/test_helper.go:94.54,104.16 6 1
internshipPVZ/test/integration/test_helper.go:104.16,106.3 1 0
internshipPVZ/test/integration/test_helper.go:108.2,109.16 2 1
internshipPVZ/test/integration/test_helper.go:109.16,111.3 1 0
internshipPVZ/test/integration/test_helper.go:113.2,114.14 2 1
internshipPVZ/test/integration/test_helper.go:117.62,126.16 6 1
internshipPVZ/test/integration/test_helper.go:126.16,128.3 1 0
internshipPVZ/test/integration/test_helper.go:130.2,131.16 2 1
internshipPVZ/test/integration/test_helper.go:131.16,133.3 1 0
internshipPVZ/test/integration/test_helper.go:135.2,136.14 2 1
internshipPVZ/test/integration/test_helper.go:139.67,150.16 7 1
internshipPVZ/test/integration/test_helper.go:150.16,152.3 1 0
internshipPVZ/test/integration/test_helper.go:154.2,163.18 4 1
internshipPVZ/test/integration/test_helper.go:166.87,190.2 12 1
internshipPVZ/test/integration/test_helper.go:192.85,220.2 14 1
internshipPVZ/test/integration/test_helper.go:222.79,238.2 8 1
